info: Server started at http://localhost:7000/api/v1/ {"timestamp":"2022-06-24T15:27:11.505Z"}
info: Connected to the database. {"timestamp":"2022-06-24T15:27:11.635Z"}
info: Server started at http://localhost:7000/api/v1/ {"timestamp":"2022-06-24T15:30:23.857Z"}
info: Connected to the database. {"timestamp":"2022-06-24T15:30:23.918Z"}
info: Server started at http://localhost:7000/api/v1/ {"timestamp":"2022-06-25T02:46:05.773Z"}
info: Connected to the database. {"timestamp":"2022-06-25T02:46:05.911Z"}
info: Server started at http://localhost:7000/api/v1/ {"timestamp":"2022-06-25T02:47:13.079Z"}
info: Connected to the database. {"timestamp":"2022-06-25T02:47:13.168Z"}
info: Server started at http://localhost:7000/api/v1/ {"timestamp":"2022-06-25T02:47:20.895Z"}
info: Connected to the database. {"timestamp":"2022-06-25T02:47:20.955Z"}
info: Server started at http://localhost:7000/api/v1/ {"timestamp":"2022-06-25T02:47:36.319Z"}
info: Connected to the database. {"timestamp":"2022-06-25T02:47:36.404Z"}
error: 
    status - 500 
    message - ValidationError: "lastname" is required 
    url - /api/v1/users/newUser 
    method - POST 
    IP - ::1
   {"timestamp":"2022-06-25T02:48:46.091Z"}
info: Server started at http://localhost:7000/api/v1/ {"timestamp":"2022-06-25T03:10:05.250Z"}
info: Connected to the database. {"timestamp":"2022-06-25T03:10:05.294Z"}
info: Server started at http://localhost:7000/api/v1/ {"timestamp":"2022-06-25T03:10:37.818Z"}
info: Connected to the database. {"timestamp":"2022-06-25T03:10:37.873Z"}
info: Server started at http://localhost:7000/api/v1/ {"timestamp":"2022-06-25T03:13:35.003Z"}
info: Connected to the database. {"timestamp":"2022-06-25T03:13:35.085Z"}
error: 
    status - 500 
    message - ReferenceError: saltRounds is not defined
    at _callee$ (C:\Users\cparadise\FundooNotes\fundooNotes\src\services\/user.service.js:8:55)
    at tryCatch (C:\Users\cparadise\FundooNotes\fundooNotes\node_modules\@babel\runtime\helpers\regeneratorRuntime.js:86:17)
    at Generator._invoke (C:\Users\cparadise\FundooNotes\fundooNotes\node_modules\@babel\runtime\helpers\regeneratorRuntime.js:66:24)
    at Generator.next (C:\Users\cparadise\FundooNotes\fundooNotes\node_modules\@babel\runtime\helpers\regeneratorRuntime.js:117:21)
    at asyncGeneratorStep (C:\Users\cparadise\FundooNotes\fundooNotes\node_modules\@babel\runtime\helpers\asyncToGenerator.js:3:24)
    at _next (C:\Users\cparadise\FundooNotes\fundooNotes\node_modules\@babel\runtime\helpers\asyncToGenerator.js:25:9)
    at C:\Users\cparadise\FundooNotes\fundooNotes\node_modules\@babel\runtime\helpers\asyncToGenerator.js:32:7
    at new Promise (<anonymous>)
    at Object.<anonymous> (C:\Users\cparadise\FundooNotes\fundooNotes\node_modules\@babel\runtime\helpers\asyncToGenerator.js:21:12)
    at Object.userRegistration (C:\Users\cparadise\FundooNotes\fundooNotes\src\services\/user.service.js:5:30)
    at _callee3$ (C:\Users\cparadise\FundooNotes\fundooNotes\src\controllers\/user.controller.js:50:36)
    at tryCatch (C:\Users\cparadise\FundooNotes\fundooNotes\node_modules\@babel\runtime\helpers\regeneratorRuntime.js:86:17)
    at Generator._invoke (C:\Users\cparadise\FundooNotes\fundooNotes\node_modules\@babel\runtime\helpers\regeneratorRuntime.js:66:24)
    at Generator.next (C:\Users\cparadise\FundooNotes\fundooNotes\node_modules\@babel\runtime\helpers\regeneratorRuntime.js:117:21)
    at asyncGeneratorStep (C:\Users\cparadise\FundooNotes\fundooNotes\node_modules\@babel\runtime\helpers\asyncToGenerator.js:3:24)
    at _next (C:\Users\cparadise\FundooNotes\fundooNotes\node_modules\@babel\runtime\helpers\asyncToGenerator.js:25:9) 
    url - /api/v1/users/newUser 
    method - POST 
    IP - ::1
   {"timestamp":"2022-06-25T03:14:54.766Z"}
info: Server started at http://localhost:7000/api/v1/ {"timestamp":"2022-06-25T03:15:43.276Z"}
info: Connected to the database. {"timestamp":"2022-06-25T03:15:43.328Z"}
error: 
    status - 500 
    message - Error: data and salt arguments required
    at Object.hash (C:\Users\cparadise\FundooNotes\fundooNotes\node_modules\bcrypt\bcrypt.js:137:17)
    at C:\Users\cparadise\FundooNotes\fundooNotes\node_modules\bcrypt\promises.js:29:12
    at new Promise (<anonymous>)
    at Object.module.exports.promise (C:\Users\cparadise\FundooNotes\fundooNotes\node_modules\bcrypt\promises.js:20:12)
    at Object.hash (C:\Users\cparadise\FundooNotes\fundooNotes\node_modules\bcrypt\bcrypt.js:133:25)
    at _callee$ (C:\Users\cparadise\FundooNotes\fundooNotes\src\services\/user.service.js:8:35)
    at tryCatch (C:\Users\cparadise\FundooNotes\fundooNotes\node_modules\@babel\runtime\helpers\regeneratorRuntime.js:86:17)
    at Generator._invoke (C:\Users\cparadise\FundooNotes\fundooNotes\node_modules\@babel\runtime\helpers\regeneratorRuntime.js:66:24)
    at Generator.next (C:\Users\cparadise\FundooNotes\fundooNotes\node_modules\@babel\runtime\helpers\regeneratorRuntime.js:117:21)
    at asyncGeneratorStep (C:\Users\cparadise\FundooNotes\fundooNotes\node_modules\@babel\runtime\helpers\asyncToGenerator.js:3:24)
    at _next (C:\Users\cparadise\FundooNotes\fundooNotes\node_modules\@babel\runtime\helpers\asyncToGenerator.js:25:9)
    at C:\Users\cparadise\FundooNotes\fundooNotes\node_modules\@babel\runtime\helpers\asyncToGenerator.js:32:7
    at new Promise (<anonymous>)
    at Object.<anonymous> (C:\Users\cparadise\FundooNotes\fundooNotes\node_modules\@babel\runtime\helpers\asyncToGenerator.js:21:12)
    at Object.userRegistration (C:\Users\cparadise\FundooNotes\fundooNotes\src\services\/user.service.js:5:30)
    at _callee3$ (C:\Users\cparadise\FundooNotes\fundooNotes\src\controllers\/user.controller.js:50:36) 
    url - /api/v1/users/newUser 
    method - POST 
    IP - ::1
   {"timestamp":"2022-06-25T03:15:52.753Z"}
info: Server started at http://localhost:7000/api/v1/ {"timestamp":"2022-06-25T03:17:36.371Z"}
info: Connected to the database. {"timestamp":"2022-06-25T03:17:36.420Z"}
error: 
    status - 500 
    message - Error: data and salt arguments required
    at Object.hash (C:\Users\cparadise\FundooNotes\fundooNotes\node_modules\bcrypt\bcrypt.js:137:17)
    at C:\Users\cparadise\FundooNotes\fundooNotes\node_modules\bcrypt\promises.js:29:12
    at new Promise (<anonymous>)
    at Object.module.exports.promise (C:\Users\cparadise\FundooNotes\fundooNotes\node_modules\bcrypt\promises.js:20:12)
    at Object.hash (C:\Users\cparadise\FundooNotes\fundooNotes\node_modules\bcrypt\bcrypt.js:133:25)
    at _callee$ (C:\Users\cparadise\FundooNotes\fundooNotes\src\services\/user.service.js:8:35)
    at tryCatch (C:\Users\cparadise\FundooNotes\fundooNotes\node_modules\@babel\runtime\helpers\regeneratorRuntime.js:86:17)
    at Generator._invoke (C:\Users\cparadise\FundooNotes\fundooNotes\node_modules\@babel\runtime\helpers\regeneratorRuntime.js:66:24)
    at Generator.next (C:\Users\cparadise\FundooNotes\fundooNotes\node_modules\@babel\runtime\helpers\regeneratorRuntime.js:117:21)
    at asyncGeneratorStep (C:\Users\cparadise\FundooNotes\fundooNotes\node_modules\@babel\runtime\helpers\asyncToGenerator.js:3:24)
    at _next (C:\Users\cparadise\FundooNotes\fundooNotes\node_modules\@babel\runtime\helpers\asyncToGenerator.js:25:9)
    at C:\Users\cparadise\FundooNotes\fundooNotes\node_modules\@babel\runtime\helpers\asyncToGenerator.js:32:7
    at new Promise (<anonymous>)
    at Object.<anonymous> (C:\Users\cparadise\FundooNotes\fundooNotes\node_modules\@babel\runtime\helpers\asyncToGenerator.js:21:12)
    at Object.userRegistration (C:\Users\cparadise\FundooNotes\fundooNotes\src\services\/user.service.js:5:30)
    at _callee3$ (C:\Users\cparadise\FundooNotes\fundooNotes\src\controllers\/user.controller.js:50:36) 
    url - /api/v1/users/newUser 
    method - POST 
    IP - ::1
   {"timestamp":"2022-06-25T03:17:59.417Z"}
error: 
    status - 500 
    message - Error: data and salt arguments required
    at Object.hash (C:\Users\cparadise\FundooNotes\fundooNotes\node_modules\bcrypt\bcrypt.js:137:17)
    at C:\Users\cparadise\FundooNotes\fundooNotes\node_modules\bcrypt\promises.js:29:12
    at new Promise (<anonymous>)
    at Object.module.exports.promise (C:\Users\cparadise\FundooNotes\fundooNotes\node_modules\bcrypt\promises.js:20:12)
    at Object.hash (C:\Users\cparadise\FundooNotes\fundooNotes\node_modules\bcrypt\bcrypt.js:133:25)
    at _callee$ (C:\Users\cparadise\FundooNotes\fundooNotes\src\services\/user.service.js:8:35)
    at tryCatch (C:\Users\cparadise\FundooNotes\fundooNotes\node_modules\@babel\runtime\helpers\regeneratorRuntime.js:86:17)
    at Generator._invoke (C:\Users\cparadise\FundooNotes\fundooNotes\node_modules\@babel\runtime\helpers\regeneratorRuntime.js:66:24)
    at Generator.next (C:\Users\cparadise\FundooNotes\fundooNotes\node_modules\@babel\runtime\helpers\regeneratorRuntime.js:117:21)
    at asyncGeneratorStep (C:\Users\cparadise\FundooNotes\fundooNotes\node_modules\@babel\runtime\helpers\asyncToGenerator.js:3:24)
    at _next (C:\Users\cparadise\FundooNotes\fundooNotes\node_modules\@babel\runtime\helpers\asyncToGenerator.js:25:9)
    at C:\Users\cparadise\FundooNotes\fundooNotes\node_modules\@babel\runtime\helpers\asyncToGenerator.js:32:7
    at new Promise (<anonymous>)
    at Object.<anonymous> (C:\Users\cparadise\FundooNotes\fundooNotes\node_modules\@babel\runtime\helpers\asyncToGenerator.js:21:12)
    at Object.userRegistration (C:\Users\cparadise\FundooNotes\fundooNotes\src\services\/user.service.js:5:30)
    at _callee3$ (C:\Users\cparadise\FundooNotes\fundooNotes\src\controllers\/user.controller.js:50:36) 
    url - /api/v1/users/newUser 
    method - POST 
    IP - ::1
   {"timestamp":"2022-06-25T03:20:46.720Z"}
info: Server started at http://localhost:7000/api/v1/ {"timestamp":"2022-06-25T03:22:45.133Z"}
info: Connected to the database. {"timestamp":"2022-06-25T03:22:45.208Z"}
info: Server started at http://localhost:7000/api/v1/ {"timestamp":"2022-06-25T04:11:34.708Z"}
info: Connected to the database. {"timestamp":"2022-06-25T04:11:35.360Z"}
info: Server started at http://localhost:7000/api/v1/ {"timestamp":"2022-06-25T07:21:19.355Z"}
info: Connected to the database. {"timestamp":"2022-06-25T07:21:19.797Z"}
error: 
    status - 500 
    message - TypeError: _transports.Console.log is not a function
    at _callee$ (C:\Users\cparadise\FundooNotes\fundooNotes\src\services\/user.service.js:9:11)
    at tryCatch (C:\Users\cparadise\FundooNotes\fundooNotes\node_modules\@babel\runtime\helpers\regeneratorRuntime.js:86:17)
    at Generator._invoke (C:\Users\cparadise\FundooNotes\fundooNotes\node_modules\@babel\runtime\helpers\regeneratorRuntime.js:66:24)
    at Generator.next (C:\Users\cparadise\FundooNotes\fundooNotes\node_modules\@babel\runtime\helpers\regeneratorRuntime.js:117:21)
    at asyncGeneratorStep (C:\Users\cparadise\FundooNotes\fundooNotes\node_modules\@babel\runtime\helpers\asyncToGenerator.js:3:24)
    at _next (C:\Users\cparadise\FundooNotes\fundooNotes\node_modules\@babel\runtime\helpers\asyncToGenerator.js:25:9) 
    url - /api/v1/users/newUser 
    method - POST 
    IP - ::1
   {"timestamp":"2022-06-25T07:22:35.127Z"}
info: Server started at http://localhost:7000/api/v1/ {"timestamp":"2022-06-25T07:23:03.884Z"}
info: Connected to the database. {"timestamp":"2022-06-25T07:23:03.986Z"}
info: Server started at http://localhost:7000/api/v1/ {"timestamp":"2022-06-26T14:38:28.283Z"}
info: Connected to the database. {"timestamp":"2022-06-26T14:38:28.513Z"}
info: Server started at http://localhost:7000/api/v1/ {"timestamp":"2022-06-26T14:41:06.930Z"}
info: Connected to the database. {"timestamp":"2022-06-26T14:41:06.979Z"}
error: 
    status - 500 
    message - ReferenceError: email is not defined
    at _callee$ (C:\Users\cparadise\FundooNotes\fundooNotes\src\services\/user.service.js:19:7)
    at tryCatch (C:\Users\cparadise\FundooNotes\fundooNotes\node_modules\@babel\runtime\helpers\regeneratorRuntime.js:86:17)
    at Generator._invoke (C:\Users\cparadise\FundooNotes\fundooNotes\node_modules\@babel\runtime\helpers\regeneratorRuntime.js:66:24)
    at Generator.next (C:\Users\cparadise\FundooNotes\fundooNotes\node_modules\@babel\runtime\helpers\regeneratorRuntime.js:117:21)
    at asyncGeneratorStep (C:\Users\cparadise\FundooNotes\fundooNotes\node_modules\@babel\runtime\helpers\asyncToGenerator.js:3:24)
    at _next (C:\Users\cparadise\FundooNotes\fundooNotes\node_modules\@babel\runtime\helpers\asyncToGenerator.js:25:9)
    at C:\Users\cparadise\FundooNotes\fundooNotes\node_modules\@babel\runtime\helpers\asyncToGenerator.js:32:7
    at new Promise (<anonymous>)
    at Object.<anonymous> (C:\Users\cparadise\FundooNotes\fundooNotes\node_modules\@babel\runtime\helpers\asyncToGenerator.js:21:12)
    at Object.userLogin (C:\Users\cparadise\FundooNotes\fundooNotes\src\services\/user.service.js:16:23)
    at _callee4$ (C:\Users\cparadise\FundooNotes\fundooNotes\src\controllers\/user.controller.js:62:36)
    at tryCatch (C:\Users\cparadise\FundooNotes\fundooNotes\node_modules\@babel\runtime\helpers\regeneratorRuntime.js:86:17)
    at Generator._invoke (C:\Users\cparadise\FundooNotes\fundooNotes\node_modules\@babel\runtime\helpers\regeneratorRuntime.js:66:24)
    at Generator.next (C:\Users\cparadise\FundooNotes\fundooNotes\node_modules\@babel\runtime\helpers\regeneratorRuntime.js:117:21)
    at asyncGeneratorStep (C:\Users\cparadise\FundooNotes\fundooNotes\node_modules\@babel\runtime\helpers\asyncToGenerator.js:3:24)
    at _next (C:\Users\cparadise\FundooNotes\fundooNotes\node_modules\@babel\runtime\helpers\asyncToGenerator.js:25:9) 
    url - /api/v1/users/Login 
    method - POST 
    IP - ::1
   {"timestamp":"2022-06-26T14:41:34.469Z"}
error: 
    status - 500 
    message - ReferenceError: email is not defined
    at _callee$ (C:\Users\cparadise\FundooNotes\fundooNotes\src\services\/user.service.js:19:7)
    at tryCatch (C:\Users\cparadise\FundooNotes\fundooNotes\node_modules\@babel\runtime\helpers\regeneratorRuntime.js:86:17)
    at Generator._invoke (C:\Users\cparadise\FundooNotes\fundooNotes\node_modules\@babel\runtime\helpers\regeneratorRuntime.js:66:24)
    at Generator.next (C:\Users\cparadise\FundooNotes\fundooNotes\node_modules\@babel\runtime\helpers\regeneratorRuntime.js:117:21)
    at asyncGeneratorStep (C:\Users\cparadise\FundooNotes\fundooNotes\node_modules\@babel\runtime\helpers\asyncToGenerator.js:3:24)
    at _next (C:\Users\cparadise\FundooNotes\fundooNotes\node_modules\@babel\runtime\helpers\asyncToGenerator.js:25:9)
    at C:\Users\cparadise\FundooNotes\fundooNotes\node_modules\@babel\runtime\helpers\asyncToGenerator.js:32:7
    at new Promise (<anonymous>)
    at Object.<anonymous> (C:\Users\cparadise\FundooNotes\fundooNotes\node_modules\@babel\runtime\helpers\asyncToGenerator.js:21:12)
    at Object.userLogin (C:\Users\cparadise\FundooNotes\fundooNotes\src\services\/user.service.js:16:23)
    at _callee4$ (C:\Users\cparadise\FundooNotes\fundooNotes\src\controllers\/user.controller.js:62:36)
    at tryCatch (C:\Users\cparadise\FundooNotes\fundooNotes\node_modules\@babel\runtime\helpers\regeneratorRuntime.js:86:17)
    at Generator._invoke (C:\Users\cparadise\FundooNotes\fundooNotes\node_modules\@babel\runtime\helpers\regeneratorRuntime.js:66:24)
    at Generator.next (C:\Users\cparadise\FundooNotes\fundooNotes\node_modules\@babel\runtime\helpers\regeneratorRuntime.js:117:21)
    at asyncGeneratorStep (C:\Users\cparadise\FundooNotes\fundooNotes\node_modules\@babel\runtime\helpers\asyncToGenerator.js:3:24)
    at _next (C:\Users\cparadise\FundooNotes\fundooNotes\node_modules\@babel\runtime\helpers\asyncToGenerator.js:25:9) 
    url - /api/v1/users/Login 
    method - POST 
    IP - ::1
   {"timestamp":"2022-06-26T14:42:11.815Z"}
error: 
    status - 500 
    message - ReferenceError: email is not defined
    at _callee$ (C:\Users\cparadise\FundooNotes\fundooNotes\src\services\/user.service.js:19:7)
    at tryCatch (C:\Users\cparadise\FundooNotes\fundooNotes\node_modules\@babel\runtime\helpers\regeneratorRuntime.js:86:17)
    at Generator._invoke (C:\Users\cparadise\FundooNotes\fundooNotes\node_modules\@babel\runtime\helpers\regeneratorRuntime.js:66:24)
    at Generator.next (C:\Users\cparadise\FundooNotes\fundooNotes\node_modules\@babel\runtime\helpers\regeneratorRuntime.js:117:21)
    at asyncGeneratorStep (C:\Users\cparadise\FundooNotes\fundooNotes\node_modules\@babel\runtime\helpers\asyncToGenerator.js:3:24)
    at _next (C:\Users\cparadise\FundooNotes\fundooNotes\node_modules\@babel\runtime\helpers\asyncToGenerator.js:25:9)
    at C:\Users\cparadise\FundooNotes\fundooNotes\node_modules\@babel\runtime\helpers\asyncToGenerator.js:32:7
    at new Promise (<anonymous>)
    at Object.<anonymous> (C:\Users\cparadise\FundooNotes\fundooNotes\node_modules\@babel\runtime\helpers\asyncToGenerator.js:21:12)
    at Object.userLogin (C:\Users\cparadise\FundooNotes\fundooNotes\src\services\/user.service.js:16:23)
    at _callee4$ (C:\Users\cparadise\FundooNotes\fundooNotes\src\controllers\/user.controller.js:62:36)
    at tryCatch (C:\Users\cparadise\FundooNotes\fundooNotes\node_modules\@babel\runtime\helpers\regeneratorRuntime.js:86:17)
    at Generator._invoke (C:\Users\cparadise\FundooNotes\fundooNotes\node_modules\@babel\runtime\helpers\regeneratorRuntime.js:66:24)
    at Generator.next (C:\Users\cparadise\FundooNotes\fundooNotes\node_modules\@babel\runtime\helpers\regeneratorRuntime.js:117:21)
    at asyncGeneratorStep (C:\Users\cparadise\FundooNotes\fundooNotes\node_modules\@babel\runtime\helpers\asyncToGenerator.js:3:24)
    at _next (C:\Users\cparadise\FundooNotes\fundooNotes\node_modules\@babel\runtime\helpers\asyncToGenerator.js:25:9) 
    url - /api/v1/users/Login 
    method - POST 
    IP - ::1
   {"timestamp":"2022-06-26T15:04:13.308Z"}
info: Server started at http://localhost:7000/api/v1/ {"timestamp":"2022-06-27T03:14:00.539Z"}
info: Connected to the database. {"timestamp":"2022-06-27T03:14:01.251Z"}
info: Server started at http://localhost:7000/api/v1/ {"timestamp":"2022-06-27T03:28:45.070Z"}
info: Connected to the database. {"timestamp":"2022-06-27T03:28:45.135Z"}
error: uncaughtException: data is not defined
ReferenceError: data is not defined
    at _callee4$ (C:\Users\cparadise\FundooNotes\fundooNotes\src\controllers\/user.controller.js:71:13)
    at tryCatch (C:\Users\cparadise\FundooNotes\fundooNotes\node_modules\@babel\runtime\helpers\regeneratorRuntime.js:86:17)
    at Generator._invoke (C:\Users\cparadise\FundooNotes\fundooNotes\node_modules\@babel\runtime\helpers\regeneratorRuntime.js:66:24)
    at Generator.throw (C:\Users\cparadise\FundooNotes\fundooNotes\node_modules\@babel\runtime\helpers\regeneratorRuntime.js:117:21)
    at asyncGeneratorStep (C:\Users\cparadise\FundooNotes\fundooNotes\node_modules\@babel\runtime\helpers\asyncToGenerator.js:3:24)
    at _throw (C:\Users\cparadise\FundooNotes\fundooNotes\node_modules\@babel\runtime\helpers\asyncToGenerator.js:29:9)
    at processTicksAndRejections (node:internal/process/task_queues:96:5) {"date":"Mon Jun 27 2022 08:59:00 GMT+0530 (India Standard Time)","error":{},"exception":true,"os":{"loadavg":[0,0,0],"uptime":608603},"process":{"argv":["node","C:\\Users\\cparadise\\FundooNotes\\fundooNotes\\src\\index.js"],"cwd":"C:\\Users\\cparadise\\FundooNotes\\fundooNotes","execPath":"C:\\Program Files\\nodejs\\node.exe","gid":null,"memoryUsage":{"arrayBuffers":18646472,"external":25837078,"heapTotal":81014784,"heapUsed":46093712,"rss":112476160},"pid":592,"uid":null,"version":"v16.15.1"},"stack":"ReferenceError: data is not defined\n    at _callee4$ (C:\\Users\\cparadise\\FundooNotes\\fundooNotes\\src\\controllers\\/user.controller.js:71:13)\n    at tryCatch (C:\\Users\\cparadise\\FundooNotes\\fundooNotes\\node_modules\\@babel\\runtime\\helpers\\regeneratorRuntime.js:86:17)\n    at Generator._invoke (C:\\Users\\cparadise\\FundooNotes\\fundooNotes\\node_modules\\@babel\\runtime\\helpers\\regeneratorRuntime.js:66:24)\n    at Generator.throw (C:\\Users\\cparadise\\FundooNotes\\fundooNotes\\node_modules\\@babel\\runtime\\helpers\\regeneratorRuntime.js:117:21)\n    at asyncGeneratorStep (C:\\Users\\cparadise\\FundooNotes\\fundooNotes\\node_modules\\@babel\\runtime\\helpers\\asyncToGenerator.js:3:24)\n    at _throw (C:\\Users\\cparadise\\FundooNotes\\fundooNotes\\node_modules\\@babel\\runtime\\helpers\\asyncToGenerator.js:29:9)\n    at processTicksAndRejections (node:internal/process/task_queues:96:5)","timestamp":"2022-06-27T03:29:00.320Z","trace":[{"column":13,"file":"C:\\Users\\cparadise\\FundooNotes\\fundooNotes\\src\\controllers\\/user.controller.js","function":"_callee4$","line":71,"method":null,"native":false},{"column":17,"file":"C:\\Users\\cparadise\\FundooNotes\\fundooNotes\\node_modules\\@babel\\runtime\\helpers\\regeneratorRuntime.js","function":"tryCatch","line":86,"method":null,"native":false},{"column":24,"file":"C:\\Users\\cparadise\\FundooNotes\\fundooNotes\\node_modules\\@babel\\runtime\\helpers\\regeneratorRuntime.js","function":"Generator._invoke","line":66,"method":"_invoke","native":false},{"column":21,"file":"C:\\Users\\cparadise\\FundooNotes\\fundooNotes\\node_modules\\@babel\\runtime\\helpers\\regeneratorRuntime.js","function":"Generator.throw","line":117,"method":"throw","native":false},{"column":24,"file":"C:\\Users\\cparadise\\FundooNotes\\fundooNotes\\node_modules\\@babel\\runtime\\helpers\\asyncToGenerator.js","function":"asyncGeneratorStep","line":3,"method":null,"native":false},{"column":9,"file":"C:\\Users\\cparadise\\FundooNotes\\fundooNotes\\node_modules\\@babel\\runtime\\helpers\\asyncToGenerator.js","function":"_throw","line":29,"method":null,"native":false},{"column":5,"file":"node:internal/process/task_queues","function":"processTicksAndRejections","line":96,"method":null,"native":false}]}
info: Server started at http://localhost:7000/api/v1/ {"timestamp":"2022-06-27T03:31:44.269Z"}
info: Connected to the database. {"timestamp":"2022-06-27T03:31:44.404Z"}
error: uncaughtException: data is not defined
ReferenceError: data is not defined
    at _callee4$ (C:\Users\cparadise\FundooNotes\fundooNotes\src\controllers\/user.controller.js:71:13)
    at tryCatch (C:\Users\cparadise\FundooNotes\fundooNotes\node_modules\@babel\runtime\helpers\regeneratorRuntime.js:86:17)
    at Generator._invoke (C:\Users\cparadise\FundooNotes\fundooNotes\node_modules\@babel\runtime\helpers\regeneratorRuntime.js:66:24)
    at Generator.throw (C:\Users\cparadise\FundooNotes\fundooNotes\node_modules\@babel\runtime\helpers\regeneratorRuntime.js:117:21)
    at asyncGeneratorStep (C:\Users\cparadise\FundooNotes\fundooNotes\node_modules\@babel\runtime\helpers\asyncToGenerator.js:3:24)
    at _throw (C:\Users\cparadise\FundooNotes\fundooNotes\node_modules\@babel\runtime\helpers\asyncToGenerator.js:29:9)
    at processTicksAndRejections (node:internal/process/task_queues:96:5) {"date":"Mon Jun 27 2022 09:01:50 GMT+0530 (India Standard Time)","error":{},"exception":true,"os":{"loadavg":[0,0,0],"uptime":608774},"process":{"argv":["node","C:\\Users\\cparadise\\FundooNotes\\fundooNotes\\src\\index.js"],"cwd":"C:\\Users\\cparadise\\FundooNotes\\fundooNotes","execPath":"C:\\Program Files\\nodejs\\node.exe","gid":null,"memoryUsage":{"arrayBuffers":18381499,"external":19971620,"heapTotal":79450112,"heapUsed":42992288,"rss":110272512},"pid":4636,"uid":null,"version":"v16.15.1"},"stack":"ReferenceError: data is not defined\n    at _callee4$ (C:\\Users\\cparadise\\FundooNotes\\fundooNotes\\src\\controllers\\/user.controller.js:71:13)\n    at tryCatch (C:\\Users\\cparadise\\FundooNotes\\fundooNotes\\node_modules\\@babel\\runtime\\helpers\\regeneratorRuntime.js:86:17)\n    at Generator._invoke (C:\\Users\\cparadise\\FundooNotes\\fundooNotes\\node_modules\\@babel\\runtime\\helpers\\regeneratorRuntime.js:66:24)\n    at Generator.throw (C:\\Users\\cparadise\\FundooNotes\\fundooNotes\\node_modules\\@babel\\runtime\\helpers\\regeneratorRuntime.js:117:21)\n    at asyncGeneratorStep (C:\\Users\\cparadise\\FundooNotes\\fundooNotes\\node_modules\\@babel\\runtime\\helpers\\asyncToGenerator.js:3:24)\n    at _throw (C:\\Users\\cparadise\\FundooNotes\\fundooNotes\\node_modules\\@babel\\runtime\\helpers\\asyncToGenerator.js:29:9)\n    at processTicksAndRejections (node:internal/process/task_queues:96:5)","timestamp":"2022-06-27T03:31:51.020Z","trace":[{"column":13,"file":"C:\\Users\\cparadise\\FundooNotes\\fundooNotes\\src\\controllers\\/user.controller.js","function":"_callee4$","line":71,"method":null,"native":false},{"column":17,"file":"C:\\Users\\cparadise\\FundooNotes\\fundooNotes\\node_modules\\@babel\\runtime\\helpers\\regeneratorRuntime.js","function":"tryCatch","line":86,"method":null,"native":false},{"column":24,"file":"C:\\Users\\cparadise\\FundooNotes\\fundooNotes\\node_modules\\@babel\\runtime\\helpers\\regeneratorRuntime.js","function":"Generator._invoke","line":66,"method":"_invoke","native":false},{"column":21,"file":"C:\\Users\\cparadise\\FundooNotes\\fundooNotes\\node_modules\\@babel\\runtime\\helpers\\regeneratorRuntime.js","function":"Generator.throw","line":117,"method":"throw","native":false},{"column":24,"file":"C:\\Users\\cparadise\\FundooNotes\\fundooNotes\\node_modules\\@babel\\runtime\\helpers\\asyncToGenerator.js","function":"asyncGeneratorStep","line":3,"method":null,"native":false},{"column":9,"file":"C:\\Users\\cparadise\\FundooNotes\\fundooNotes\\node_modules\\@babel\\runtime\\helpers\\asyncToGenerator.js","function":"_throw","line":29,"method":null,"native":false},{"column":5,"file":"node:internal/process/task_queues","function":"processTicksAndRejections","line":96,"method":null,"native":false}]}
info: Server started at http://localhost:7000/api/v1/ {"timestamp":"2022-06-27T03:33:13.464Z"}
info: Connected to the database. {"timestamp":"2022-06-27T03:33:13.547Z"}
info: Server started at http://localhost:7000/api/v1/ {"timestamp":"2022-06-27T03:38:31.096Z"}
info: Connected to the database. {"timestamp":"2022-06-27T03:38:31.175Z"}
info: Server started at http://localhost:7000/api/v1/ {"timestamp":"2022-06-27T03:39:01.356Z"}
info: Connected to the database. {"timestamp":"2022-06-27T03:39:01.392Z"}
info: Server started at http://localhost:7000/api/v1/ {"timestamp":"2022-06-27T11:34:46.576Z"}
info: Connected to the database. {"timestamp":"2022-06-27T11:34:46.688Z"}
info: Server started at http://localhost:7000/api/v1/ {"timestamp":"2022-06-27T11:38:29.523Z"}
info: Connected to the database. {"timestamp":"2022-06-27T11:38:29.624Z"}
info: Server started at http://localhost:7000/api/v1/ {"timestamp":"2022-06-27T11:44:57.652Z"}
info: Connected to the database. {"timestamp":"2022-06-27T11:44:57.771Z"}
info: Server started at http://localhost:7000/api/v1/ {"timestamp":"2022-06-27T11:46:14.102Z"}
info: Connected to the database. {"timestamp":"2022-06-27T11:46:14.225Z"}
error: uncaughtException: data is not defined
ReferenceError: data is not defined
    at _callee2$ (C:\Users\cparadise\FundooNotes\fundooNotes\src\controllers\/user.controller.js:71:13)
    at tryCatch (C:\Users\cparadise\FundooNotes\fundooNotes\node_modules\@babel\runtime\helpers\regeneratorRuntime.js:86:17)
    at Generator._invoke (C:\Users\cparadise\FundooNotes\fundooNotes\node_modules\@babel\runtime\helpers\regeneratorRuntime.js:66:24)
    at Generator.throw (C:\Users\cparadise\FundooNotes\fundooNotes\node_modules\@babel\runtime\helpers\regeneratorRuntime.js:117:21)
    at asyncGeneratorStep (C:\Users\cparadise\FundooNotes\fundooNotes\node_modules\@babel\runtime\helpers\asyncToGenerator.js:3:24)
    at _throw (C:\Users\cparadise\FundooNotes\fundooNotes\node_modules\@babel\runtime\helpers\asyncToGenerator.js:29:9)
    at processTicksAndRejections (node:internal/process/task_queues:96:5) {"date":"Mon Jun 27 2022 17:16:27 GMT+0530 (India Standard Time)","error":{},"exception":true,"os":{"loadavg":[0,0,0],"uptime":638450},"process":{"argv":["node","C:\\Users\\cparadise\\FundooNotes\\fundooNotes\\src\\index.js"],"cwd":"C:\\Users\\cparadise\\FundooNotes\\fundooNotes","execPath":"C:\\Program Files\\nodejs\\node.exe","gid":null,"memoryUsage":{"arrayBuffers":18390659,"external":25713209,"heapTotal":81809408,"heapUsed":45752592,"rss":113573888},"pid":11800,"uid":null,"version":"v16.15.1"},"stack":"ReferenceError: data is not defined\n    at _callee2$ (C:\\Users\\cparadise\\FundooNotes\\fundooNotes\\src\\controllers\\/user.controller.js:71:13)\n    at tryCatch (C:\\Users\\cparadise\\FundooNotes\\fundooNotes\\node_modules\\@babel\\runtime\\helpers\\regeneratorRuntime.js:86:17)\n    at Generator._invoke (C:\\Users\\cparadise\\FundooNotes\\fundooNotes\\node_modules\\@babel\\runtime\\helpers\\regeneratorRuntime.js:66:24)\n    at Generator.throw (C:\\Users\\cparadise\\FundooNotes\\fundooNotes\\node_modules\\@babel\\runtime\\helpers\\regeneratorRuntime.js:117:21)\n    at asyncGeneratorStep (C:\\Users\\cparadise\\FundooNotes\\fundooNotes\\node_modules\\@babel\\runtime\\helpers\\asyncToGenerator.js:3:24)\n    at _throw (C:\\Users\\cparadise\\FundooNotes\\fundooNotes\\node_modules\\@babel\\runtime\\helpers\\asyncToGenerator.js:29:9)\n    at processTicksAndRejections (node:internal/process/task_queues:96:5)","timestamp":"2022-06-27T11:46:27.284Z","trace":[{"column":13,"file":"C:\\Users\\cparadise\\FundooNotes\\fundooNotes\\src\\controllers\\/user.controller.js","function":"_callee2$","line":71,"method":null,"native":false},{"column":17,"file":"C:\\Users\\cparadise\\FundooNotes\\fundooNotes\\node_modules\\@babel\\runtime\\helpers\\regeneratorRuntime.js","function":"tryCatch","line":86,"method":null,"native":false},{"column":24,"file":"C:\\Users\\cparadise\\FundooNotes\\fundooNotes\\node_modules\\@babel\\runtime\\helpers\\regeneratorRuntime.js","function":"Generator._invoke","line":66,"method":"_invoke","native":false},{"column":21,"file":"C:\\Users\\cparadise\\FundooNotes\\fundooNotes\\node_modules\\@babel\\runtime\\helpers\\regeneratorRuntime.js","function":"Generator.throw","line":117,"method":"throw","native":false},{"column":24,"file":"C:\\Users\\cparadise\\FundooNotes\\fundooNotes\\node_modules\\@babel\\runtime\\helpers\\asyncToGenerator.js","function":"asyncGeneratorStep","line":3,"method":null,"native":false},{"column":9,"file":"C:\\Users\\cparadise\\FundooNotes\\fundooNotes\\node_modules\\@babel\\runtime\\helpers\\asyncToGenerator.js","function":"_throw","line":29,"method":null,"native":false},{"column":5,"file":"node:internal/process/task_queues","function":"processTicksAndRejections","line":96,"method":null,"native":false}]}
info: Server started at http://localhost:7000/api/v1/ {"timestamp":"2022-06-27T11:48:12.060Z"}
info: Connected to the database. {"timestamp":"2022-06-27T11:48:12.143Z"}
error: uncaughtException: result is not defined
ReferenceError: result is not defined
    at _callee2$ (C:\Users\cparadise\FundooNotes\fundooNotes\src\controllers\/user.controller.js:71:13)
    at tryCatch (C:\Users\cparadise\FundooNotes\fundooNotes\node_modules\@babel\runtime\helpers\regeneratorRuntime.js:86:17)
    at Generator._invoke (C:\Users\cparadise\FundooNotes\fundooNotes\node_modules\@babel\runtime\helpers\regeneratorRuntime.js:66:24)
    at Generator.throw (C:\Users\cparadise\FundooNotes\fundooNotes\node_modules\@babel\runtime\helpers\regeneratorRuntime.js:117:21)
    at asyncGeneratorStep (C:\Users\cparadise\FundooNotes\fundooNotes\node_modules\@babel\runtime\helpers\asyncToGenerator.js:3:24)
    at _throw (C:\Users\cparadise\FundooNotes\fundooNotes\node_modules\@babel\runtime\helpers\asyncToGenerator.js:29:9)
    at processTicksAndRejections (node:internal/process/task_queues:96:5) {"date":"Mon Jun 27 2022 17:18:40 GMT+0530 (India Standard Time)","error":{},"exception":true,"os":{"loadavg":[0,0,0],"uptime":638584},"process":{"argv":["node","C:\\Users\\cparadise\\FundooNotes\\fundooNotes\\src\\index.js"],"cwd":"C:\\Users\\cparadise\\FundooNotes\\fundooNotes","execPath":"C:\\Program Files\\nodejs\\node.exe","gid":null,"memoryUsage":{"arrayBuffers":18286946,"external":19963284,"heapTotal":46157824,"heapUsed":42104744,"rss":78520320},"pid":6036,"uid":null,"version":"v16.15.1"},"stack":"ReferenceError: result is not defined\n    at _callee2$ (C:\\Users\\cparadise\\FundooNotes\\fundooNotes\\src\\controllers\\/user.controller.js:71:13)\n    at tryCatch (C:\\Users\\cparadise\\FundooNotes\\fundooNotes\\node_modules\\@babel\\runtime\\helpers\\regeneratorRuntime.js:86:17)\n    at Generator._invoke (C:\\Users\\cparadise\\FundooNotes\\fundooNotes\\node_modules\\@babel\\runtime\\helpers\\regeneratorRuntime.js:66:24)\n    at Generator.throw (C:\\Users\\cparadise\\FundooNotes\\fundooNotes\\node_modules\\@babel\\runtime\\helpers\\regeneratorRuntime.js:117:21)\n    at asyncGeneratorStep (C:\\Users\\cparadise\\FundooNotes\\fundooNotes\\node_modules\\@babel\\runtime\\helpers\\asyncToGenerator.js:3:24)\n    at _throw (C:\\Users\\cparadise\\FundooNotes\\fundooNotes\\node_modules\\@babel\\runtime\\helpers\\asyncToGenerator.js:29:9)\n    at processTicksAndRejections (node:internal/process/task_queues:96:5)","timestamp":"2022-06-27T11:48:40.829Z","trace":[{"column":13,"file":"C:\\Users\\cparadise\\FundooNotes\\fundooNotes\\src\\controllers\\/user.controller.js","function":"_callee2$","line":71,"method":null,"native":false},{"column":17,"file":"C:\\Users\\cparadise\\FundooNotes\\fundooNotes\\node_modules\\@babel\\runtime\\helpers\\regeneratorRuntime.js","function":"tryCatch","line":86,"method":null,"native":false},{"column":24,"file":"C:\\Users\\cparadise\\FundooNotes\\fundooNotes\\node_modules\\@babel\\runtime\\helpers\\regeneratorRuntime.js","function":"Generator._invoke","line":66,"method":"_invoke","native":false},{"column":21,"file":"C:\\Users\\cparadise\\FundooNotes\\fundooNotes\\node_modules\\@babel\\runtime\\helpers\\regeneratorRuntime.js","function":"Generator.throw","line":117,"method":"throw","native":false},{"column":24,"file":"C:\\Users\\cparadise\\FundooNotes\\fundooNotes\\node_modules\\@babel\\runtime\\helpers\\asyncToGenerator.js","function":"asyncGeneratorStep","line":3,"method":null,"native":false},{"column":9,"file":"C:\\Users\\cparadise\\FundooNotes\\fundooNotes\\node_modules\\@babel\\runtime\\helpers\\asyncToGenerator.js","function":"_throw","line":29,"method":null,"native":false},{"column":5,"file":"node:internal/process/task_queues","function":"processTicksAndRejections","line":96,"method":null,"native":false}]}
info: Server started at http://localhost:7000/api/v1/ {"timestamp":"2022-06-27T11:51:06.077Z"}
info: Connected to the database. {"timestamp":"2022-06-27T11:51:06.192Z"}
info: Server started at http://localhost:7000/api/v1/ {"timestamp":"2022-06-27T11:53:47.733Z"}
info: Connected to the database. {"timestamp":"2022-06-27T11:53:47.812Z"}
info: Server started at http://localhost:7000/api/v1/ {"timestamp":"2022-06-27T11:54:18.544Z"}
info: Connected to the database. {"timestamp":"2022-06-27T11:54:18.649Z"}
info: Server started at http://localhost:7000/api/v1/ {"timestamp":"2022-06-28T02:41:21.173Z"}
info: Connected to the database. {"timestamp":"2022-06-28T02:41:21.347Z"}
info: Server started at http://localhost:7000/api/v1/ {"timestamp":"2022-06-28T02:54:44.979Z"}
info: Connected to the database. {"timestamp":"2022-06-28T02:54:45.037Z"}
info: Server started at http://localhost:7000/api/v1/ {"timestamp":"2022-06-28T13:52:53.103Z"}
info: Connected to the database. {"timestamp":"2022-06-28T13:52:53.136Z"}
info: Server started at http://localhost:7000/api/v1/ {"timestamp":"2022-06-28T14:16:19.534Z"}
info: Connected to the database. {"timestamp":"2022-06-28T14:16:19.634Z"}
info: Server started at http://localhost:7000/api/v1/ {"timestamp":"2022-06-28T14:35:28.616Z"}
info: Connected to the database. {"timestamp":"2022-06-28T14:35:28.671Z"}
info: Server started at http://localhost:7000/api/v1/ {"timestamp":"2022-06-28T14:38:37.900Z"}
info: Connected to the database. {"timestamp":"2022-06-28T14:38:38.025Z"}
info: Server started at http://localhost:7000/api/v1/ {"timestamp":"2022-06-28T14:38:59.661Z"}
info: Connected to the database. {"timestamp":"2022-06-28T14:38:59.753Z"}
info: Server started at http://localhost:7000/api/v1/ {"timestamp":"2022-06-28T14:42:34.270Z"}
info: Connected to the database. {"timestamp":"2022-06-28T14:42:34.382Z"}
info: Server started at http://localhost:7000/api/v1/ {"timestamp":"2022-06-28T15:13:29.237Z"}
info: Connected to the database. {"timestamp":"2022-06-28T15:13:29.334Z"}
info: Server started at http://localhost:7000/api/v1/ {"timestamp":"2022-06-28T15:13:42.797Z"}
info: Connected to the database. {"timestamp":"2022-06-28T15:13:42.911Z"}
info: Server started at http://localhost:7000/api/v1/ {"timestamp":"2022-06-28T15:14:04.329Z"}
info: Connected to the database. {"timestamp":"2022-06-28T15:14:04.385Z"}
error: 
    status - 500 
    message - ValidationError: Note validation failed: Description: Path `Description` is required., Title: Path `Title` is required.
    at model.Document.invalidate (C:\Users\cparadise\FundooNotes\fundooNotes\node_modules\mongoose\lib\document.js:2782:32)
    at C:\Users\cparadise\FundooNotes\fundooNotes\node_modules\mongoose\lib\document.js:2574:17
    at C:\Users\cparadise\FundooNotes\fundooNotes\node_modules\mongoose\lib\schematype.js:1273:9
    at processTicksAndRejections (node:internal/process/task_queues:78:11) 
    url - /api/v1/notes 
    method - POST 
    IP - ::1
   {"timestamp":"2022-06-28T15:16:36.224Z"}
info: Server started at http://localhost:7000/api/v1/ {"timestamp":"2022-06-29T02:08:06.632Z"}
info: Connected to the database. {"timestamp":"2022-06-29T02:08:06.727Z"}
info: Server started at http://localhost:7000/api/v1/ {"timestamp":"2022-06-29T02:08:26.490Z"}
info: Connected to the database. {"timestamp":"2022-06-29T02:08:26.570Z"}
error: 
    status - 500 
    message - TypeError: _note.default.getAllNotes is not a function
    at _callee2$ (C:\Users\cparadise\FundooNotes\fundooNotes\src\services\/note.service.js:10:29)
    at tryCatch (C:\Users\cparadise\FundooNotes\fundooNotes\node_modules\@babel\runtime\helpers\regeneratorRuntime.js:86:17)
    at Generator._invoke (C:\Users\cparadise\FundooNotes\fundooNotes\node_modules\@babel\runtime\helpers\regeneratorRuntime.js:66:24)
    at Generator.next (C:\Users\cparadise\FundooNotes\fundooNotes\node_modules\@babel\runtime\helpers\regeneratorRuntime.js:117:21)
    at asyncGeneratorStep (C:\Users\cparadise\FundooNotes\fundooNotes\node_modules\@babel\runtime\helpers\asyncToGenerator.js:3:24)
    at _next (C:\Users\cparadise\FundooNotes\fundooNotes\node_modules\@babel\runtime\helpers\asyncToGenerator.js:25:9)
    at C:\Users\cparadise\FundooNotes\fundooNotes\node_modules\@babel\runtime\helpers\asyncToGenerator.js:32:7
    at new Promise (<anonymous>)
    at Object.<anonymous> (C:\Users\cparadise\FundooNotes\fundooNotes\node_modules\@babel\runtime\helpers\asyncToGenerator.js:21:12)
    at Object.getAllNotes (C:\Users\cparadise\FundooNotes\fundooNotes\src\services\/note.service.js:9:27)
    at _callee2$ (C:\Users\cparadise\FundooNotes\fundooNotes\src\controllers\/note.controller.js:22:40)
    at tryCatch (C:\Users\cparadise\FundooNotes\fundooNotes\node_modules\@babel\runtime\helpers\regeneratorRuntime.js:86:17)
    at Generator._invoke (C:\Users\cparadise\FundooNotes\fundooNotes\node_modules\@babel\runtime\helpers\regeneratorRuntime.js:66:24)
    at Generator.next (C:\Users\cparadise\FundooNotes\fundooNotes\node_modules\@babel\runtime\helpers\regeneratorRuntime.js:117:21)
    at asyncGeneratorStep (C:\Users\cparadise\FundooNotes\fundooNotes\node_modules\@babel\runtime\helpers\asyncToGenerator.js:3:24)
    at _next (C:\Users\cparadise\FundooNotes\fundooNotes\node_modules\@babel\runtime\helpers\asyncToGenerator.js:25:9) 
    url - /api/v1/notes/ 
    method - GET 
    IP - ::1
   {"timestamp":"2022-06-29T02:08:57.967Z"}
info: Server started at http://localhost:7000/api/v1/ {"timestamp":"2022-06-29T02:09:48.433Z"}
info: Connected to the database. {"timestamp":"2022-06-29T02:09:48.500Z"}
error: 
    status - 500 
    message - TypeError: NoteService.getAllNotes is not a function
    at _callee2$ (C:\Users\cparadise\FundooNotes\fundooNotes\src\controllers\/note.controller.js:22:40)
    at tryCatch (C:\Users\cparadise\FundooNotes\fundooNotes\node_modules\@babel\runtime\helpers\regeneratorRuntime.js:86:17)
    at Generator._invoke (C:\Users\cparadise\FundooNotes\fundooNotes\node_modules\@babel\runtime\helpers\regeneratorRuntime.js:66:24)
    at Generator.next (C:\Users\cparadise\FundooNotes\fundooNotes\node_modules\@babel\runtime\helpers\regeneratorRuntime.js:117:21)
    at asyncGeneratorStep (C:\Users\cparadise\FundooNotes\fundooNotes\node_modules\@babel\runtime\helpers\asyncToGenerator.js:3:24)
    at _next (C:\Users\cparadise\FundooNotes\fundooNotes\node_modules\@babel\runtime\helpers\asyncToGenerator.js:25:9)
    at C:\Users\cparadise\FundooNotes\fundooNotes\node_modules\@babel\runtime\helpers\asyncToGenerator.js:32:7
    at new Promise (<anonymous>)
    at C:\Users\cparadise\FundooNotes\fundooNotes\node_modules\@babel\runtime\helpers\asyncToGenerator.js:21:12
    at getAllNotes (C:\Users\cparadise\FundooNotes\fundooNotes\src\controllers\/note.controller.js:20:27)
    at Layer.handle [as handle_request] (C:\Users\cparadise\FundooNotes\fundooNotes\node_modules\express\lib\router\layer.js:95:5)
    at next (C:\Users\cparadise\FundooNotes\fundooNotes\node_modules\express\lib\router\route.js:144:13)
    at Route.dispatch (C:\Users\cparadise\FundooNotes\fundooNotes\node_modules\express\lib\router\route.js:114:3)
    at Layer.handle [as handle_request] (C:\Users\cparadise\FundooNotes\fundooNotes\node_modules\express\lib\router\layer.js:95:5)
    at C:\Users\cparadise\FundooNotes\fundooNotes\node_modules\express\lib\router\index.js:284:15
    at Function.process_params (C:\Users\cparadise\FundooNotes\fundooNotes\node_modules\express\lib\router\index.js:346:12) 
    url - /api/v1/notes/ 
    method - GET 
    IP - ::1
   {"timestamp":"2022-06-29T02:10:01.414Z"}
info: Server started at http://localhost:7000/api/v1/ {"timestamp":"2022-06-29T02:15:24.461Z"}
info: Connected to the database. {"timestamp":"2022-06-29T02:15:24.538Z"}
error: 
    status - 500 
    message - TypeError: NoteService.getAllNotes is not a function
    at _callee2$ (C:\Users\cparadise\FundooNotes\fundooNotes\src\controllers\/note.controller.js:22:40)
    at tryCatch (C:\Users\cparadise\FundooNotes\fundooNotes\node_modules\@babel\runtime\helpers\regeneratorRuntime.js:86:17)
    at Generator._invoke (C:\Users\cparadise\FundooNotes\fundooNotes\node_modules\@babel\runtime\helpers\regeneratorRuntime.js:66:24)
    at Generator.next (C:\Users\cparadise\FundooNotes\fundooNotes\node_modules\@babel\runtime\helpers\regeneratorRuntime.js:117:21)
    at asyncGeneratorStep (C:\Users\cparadise\FundooNotes\fundooNotes\node_modules\@babel\runtime\helpers\asyncToGenerator.js:3:24)
    at _next (C:\Users\cparadise\FundooNotes\fundooNotes\node_modules\@babel\runtime\helpers\asyncToGenerator.js:25:9)
    at C:\Users\cparadise\FundooNotes\fundooNotes\node_modules\@babel\runtime\helpers\asyncToGenerator.js:32:7
    at new Promise (<anonymous>)
    at C:\Users\cparadise\FundooNotes\fundooNotes\node_modules\@babel\runtime\helpers\asyncToGenerator.js:21:12
    at getAllNotes (C:\Users\cparadise\FundooNotes\fundooNotes\src\controllers\/note.controller.js:20:27)
    at Layer.handle [as handle_request] (C:\Users\cparadise\FundooNotes\fundooNotes\node_modules\express\lib\router\layer.js:95:5)
    at next (C:\Users\cparadise\FundooNotes\fundooNotes\node_modules\express\lib\router\route.js:144:13)
    at Route.dispatch (C:\Users\cparadise\FundooNotes\fundooNotes\node_modules\express\lib\router\route.js:114:3)
    at Layer.handle [as handle_request] (C:\Users\cparadise\FundooNotes\fundooNotes\node_modules\express\lib\router\layer.js:95:5)
    at C:\Users\cparadise\FundooNotes\fundooNotes\node_modules\express\lib\router\index.js:284:15
    at Function.process_params (C:\Users\cparadise\FundooNotes\fundooNotes\node_modules\express\lib\router\index.js:346:12) 
    url - /api/v1/notes/ 
    method - GET 
    IP - ::1
   {"timestamp":"2022-06-29T02:15:30.706Z"}
info: Server started at http://localhost:7000/api/v1/ {"timestamp":"2022-06-29T02:16:25.778Z"}
info: Connected to the database. {"timestamp":"2022-06-29T02:16:25.858Z"}
error: 
    status - 500 
    message - TypeError: NoteService.getAllNotes is not a function
    at _callee2$ (C:\Users\cparadise\FundooNotes\fundooNotes\src\controllers\/note.controller.js:22:40)
    at tryCatch (C:\Users\cparadise\FundooNotes\fundooNotes\node_modules\@babel\runtime\helpers\regeneratorRuntime.js:86:17)
    at Generator._invoke (C:\Users\cparadise\FundooNotes\fundooNotes\node_modules\@babel\runtime\helpers\regeneratorRuntime.js:66:24)
    at Generator.next (C:\Users\cparadise\FundooNotes\fundooNotes\node_modules\@babel\runtime\helpers\regeneratorRuntime.js:117:21)
    at asyncGeneratorStep (C:\Users\cparadise\FundooNotes\fundooNotes\node_modules\@babel\runtime\helpers\asyncToGenerator.js:3:24)
    at _next (C:\Users\cparadise\FundooNotes\fundooNotes\node_modules\@babel\runtime\helpers\asyncToGenerator.js:25:9)
    at C:\Users\cparadise\FundooNotes\fundooNotes\node_modules\@babel\runtime\helpers\asyncToGenerator.js:32:7
    at new Promise (<anonymous>)
    at C:\Users\cparadise\FundooNotes\fundooNotes\node_modules\@babel\runtime\helpers\asyncToGenerator.js:21:12
    at getAllNotes (C:\Users\cparadise\FundooNotes\fundooNotes\src\controllers\/note.controller.js:20:27)
    at Layer.handle [as handle_request] (C:\Users\cparadise\FundooNotes\fundooNotes\node_modules\express\lib\router\layer.js:95:5)
    at next (C:\Users\cparadise\FundooNotes\fundooNotes\node_modules\express\lib\router\route.js:144:13)
    at Route.dispatch (C:\Users\cparadise\FundooNotes\fundooNotes\node_modules\express\lib\router\route.js:114:3)
    at Layer.handle [as handle_request] (C:\Users\cparadise\FundooNotes\fundooNotes\node_modules\express\lib\router\layer.js:95:5)
    at C:\Users\cparadise\FundooNotes\fundooNotes\node_modules\express\lib\router\index.js:284:15
    at Function.process_params (C:\Users\cparadise\FundooNotes\fundooNotes\node_modules\express\lib\router\index.js:346:12) 
    url - /api/v1/notes/ 
    method - GET 
    IP - ::1
   {"timestamp":"2022-06-29T02:16:43.082Z"}
error: 
    status - 500 
    message - TypeError: NoteService.getAllNotes is not a function
    at _callee2$ (C:\Users\cparadise\FundooNotes\fundooNotes\src\controllers\/note.controller.js:22:40)
    at tryCatch (C:\Users\cparadise\FundooNotes\fundooNotes\node_modules\@babel\runtime\helpers\regeneratorRuntime.js:86:17)
    at Generator._invoke (C:\Users\cparadise\FundooNotes\fundooNotes\node_modules\@babel\runtime\helpers\regeneratorRuntime.js:66:24)
    at Generator.next (C:\Users\cparadise\FundooNotes\fundooNotes\node_modules\@babel\runtime\helpers\regeneratorRuntime.js:117:21)
    at asyncGeneratorStep (C:\Users\cparadise\FundooNotes\fundooNotes\node_modules\@babel\runtime\helpers\asyncToGenerator.js:3:24)
    at _next (C:\Users\cparadise\FundooNotes\fundooNotes\node_modules\@babel\runtime\helpers\asyncToGenerator.js:25:9)
    at C:\Users\cparadise\FundooNotes\fundooNotes\node_modules\@babel\runtime\helpers\asyncToGenerator.js:32:7
    at new Promise (<anonymous>)
    at C:\Users\cparadise\FundooNotes\fundooNotes\node_modules\@babel\runtime\helpers\asyncToGenerator.js:21:12
    at getAllNotes (C:\Users\cparadise\FundooNotes\fundooNotes\src\controllers\/note.controller.js:20:27)
    at Layer.handle [as handle_request] (C:\Users\cparadise\FundooNotes\fundooNotes\node_modules\express\lib\router\layer.js:95:5)
    at next (C:\Users\cparadise\FundooNotes\fundooNotes\node_modules\express\lib\router\route.js:144:13)
    at Route.dispatch (C:\Users\cparadise\FundooNotes\fundooNotes\node_modules\express\lib\router\route.js:114:3)
    at Layer.handle [as handle_request] (C:\Users\cparadise\FundooNotes\fundooNotes\node_modules\express\lib\router\layer.js:95:5)
    at C:\Users\cparadise\FundooNotes\fundooNotes\node_modules\express\lib\router\index.js:284:15
    at Function.process_params (C:\Users\cparadise\FundooNotes\fundooNotes\node_modules\express\lib\router\index.js:346:12) 
    url - /api/v1/notes/ 
    method - GET 
    IP - ::1
   {"timestamp":"2022-06-29T02:16:51.827Z"}
error: 
    status - 500 
    message - TypeError: NoteService.getAllNotes is not a function
    at _callee2$ (C:\Users\cparadise\FundooNotes\fundooNotes\src\controllers\/note.controller.js:22:40)
    at tryCatch (C:\Users\cparadise\FundooNotes\fundooNotes\node_modules\@babel\runtime\helpers\regeneratorRuntime.js:86:17)
    at Generator._invoke (C:\Users\cparadise\FundooNotes\fundooNotes\node_modules\@babel\runtime\helpers\regeneratorRuntime.js:66:24)
    at Generator.next (C:\Users\cparadise\FundooNotes\fundooNotes\node_modules\@babel\runtime\helpers\regeneratorRuntime.js:117:21)
    at asyncGeneratorStep (C:\Users\cparadise\FundooNotes\fundooNotes\node_modules\@babel\runtime\helpers\asyncToGenerator.js:3:24)
    at _next (C:\Users\cparadise\FundooNotes\fundooNotes\node_modules\@babel\runtime\helpers\asyncToGenerator.js:25:9)
    at C:\Users\cparadise\FundooNotes\fundooNotes\node_modules\@babel\runtime\helpers\asyncToGenerator.js:32:7
    at new Promise (<anonymous>)
    at C:\Users\cparadise\FundooNotes\fundooNotes\node_modules\@babel\runtime\helpers\asyncToGenerator.js:21:12
    at getAllNotes (C:\Users\cparadise\FundooNotes\fundooNotes\src\controllers\/note.controller.js:20:27)
    at Layer.handle [as handle_request] (C:\Users\cparadise\FundooNotes\fundooNotes\node_modules\express\lib\router\layer.js:95:5)
    at next (C:\Users\cparadise\FundooNotes\fundooNotes\node_modules\express\lib\router\route.js:144:13)
    at Route.dispatch (C:\Users\cparadise\FundooNotes\fundooNotes\node_modules\express\lib\router\route.js:114:3)
    at Layer.handle [as handle_request] (C:\Users\cparadise\FundooNotes\fundooNotes\node_modules\express\lib\router\layer.js:95:5)
    at C:\Users\cparadise\FundooNotes\fundooNotes\node_modules\express\lib\router\index.js:284:15
    at Function.process_params (C:\Users\cparadise\FundooNotes\fundooNotes\node_modules\express\lib\router\index.js:346:12) 
    url - /api/v1/notes/ 
    method - GET 
    IP - ::1
   {"timestamp":"2022-06-29T02:16:54.071Z"}
info: Server started at http://localhost:7000/api/v1/ {"timestamp":"2022-06-29T02:17:23.039Z"}
info: Connected to the database. {"timestamp":"2022-06-29T02:17:23.155Z"}
info: Server started at http://localhost:7000/api/v1/ {"timestamp":"2022-06-29T02:18:25.732Z"}
info: Connected to the database. {"timestamp":"2022-06-29T02:18:25.797Z"}
info: Server started at http://localhost:7000/api/v1/ {"timestamp":"2022-06-29T02:18:32.800Z"}
info: Connected to the database. {"timestamp":"2022-06-29T02:18:32.864Z"}
info: Server started at http://localhost:7000/api/v1/ {"timestamp":"2022-06-29T02:19:30.165Z"}
info: Connected to the database. {"timestamp":"2022-06-29T02:19:30.252Z"}
error: 
    status - 500 
    message - TypeError: _note.default.findAll is not a function
    at _callee2$ (C:\Users\cparadise\FundooNotes\fundooNotes\src\services\/note.service.js:10:29)
    at tryCatch (C:\Users\cparadise\FundooNotes\fundooNotes\node_modules\@babel\runtime\helpers\regeneratorRuntime.js:86:17)
    at Generator._invoke (C:\Users\cparadise\FundooNotes\fundooNotes\node_modules\@babel\runtime\helpers\regeneratorRuntime.js:66:24)
    at Generator.next (C:\Users\cparadise\FundooNotes\fundooNotes\node_modules\@babel\runtime\helpers\regeneratorRuntime.js:117:21)
    at asyncGeneratorStep (C:\Users\cparadise\FundooNotes\fundooNotes\node_modules\@babel\runtime\helpers\asyncToGenerator.js:3:24)
    at _next (C:\Users\cparadise\FundooNotes\fundooNotes\node_modules\@babel\runtime\helpers\asyncToGenerator.js:25:9)
    at C:\Users\cparadise\FundooNotes\fundooNotes\node_modules\@babel\runtime\helpers\asyncToGenerator.js:32:7
    at new Promise (<anonymous>)
    at Object.<anonymous> (C:\Users\cparadise\FundooNotes\fundooNotes\node_modules\@babel\runtime\helpers\asyncToGenerator.js:21:12)
    at Object.getAllNotes (C:\Users\cparadise\FundooNotes\fundooNotes\src\services\/note.service.js:9:27)
    at _callee2$ (C:\Users\cparadise\FundooNotes\fundooNotes\src\controllers\/note.controller.js:23:40)
    at tryCatch (C:\Users\cparadise\FundooNotes\fundooNotes\node_modules\@babel\runtime\helpers\regeneratorRuntime.js:86:17)
    at Generator._invoke (C:\Users\cparadise\FundooNotes\fundooNotes\node_modules\@babel\runtime\helpers\regeneratorRuntime.js:66:24)
    at Generator.next (C:\Users\cparadise\FundooNotes\fundooNotes\node_modules\@babel\runtime\helpers\regeneratorRuntime.js:117:21)
    at asyncGeneratorStep (C:\Users\cparadise\FundooNotes\fundooNotes\node_modules\@babel\runtime\helpers\asyncToGenerator.js:3:24)
    at _next (C:\Users\cparadise\FundooNotes\fundooNotes\node_modules\@babel\runtime\helpers\asyncToGenerator.js:25:9) 
    url - /api/v1/notes/ 
    method - GET 
    IP - ::1
   {"timestamp":"2022-06-29T02:19:54.746Z"}
info: Server started at http://localhost:7000/api/v1/ {"timestamp":"2022-06-29T02:38:16.989Z"}
info: Connected to the database. {"timestamp":"2022-06-29T02:38:17.091Z"}
info: Server started at http://localhost:7000/api/v1/ {"timestamp":"2022-06-29T02:40:49.506Z"}
info: Connected to the database. {"timestamp":"2022-06-29T02:40:49.666Z"}
error: uncaughtException: write EPIPE
Error: write EPIPE
    at afterWriteDispatched (node:internal/stream_base_commons:160:15)
    at writeGeneric (node:internal/stream_base_commons:151:3)
    at WriteStream.Socket._writeGeneric (node:net:817:11)
    at WriteStream.Socket._write (node:net:829:8)
    at writeOrBuffer (node:internal/streams/writable:389:12)
    at _write (node:internal/streams/writable:330:10)
    at WriteStream.Writable.write (node:internal/streams/writable:334:10)
    at Console.log (C:\Users\cparadise\FundooNotes\fundooNotes\node_modules\winston\lib\winston\transports\console.js:79:23)
    at Console._write (C:\Users\cparadise\FundooNotes\fundooNotes\node_modules\winston-transport\index.js:82:19)
    at doWrite (C:\Users\cparadise\FundooNotes\fundooNotes\node_modules\winston-transport\node_modules\readable-stream\lib\_stream_writable.js:409:139)
    at writeOrBuffer (C:\Users\cparadise\FundooNotes\fundooNotes\node_modules\winston-transport\node_modules\readable-stream\lib\_stream_writable.js:398:5)
    at Console.Writable.write (C:\Users\cparadise\FundooNotes\fundooNotes\node_modules\winston-transport\node_modules\readable-stream\lib\_stream_writable.js:307:11)
    at DerivedLogger.ondata (C:\Users\cparadise\FundooNotes\fundooNotes\node_modules\winston\node_modules\readable-stream\lib\_stream_readable.js:681:20)
    at DerivedLogger.emit (node:events:539:35)
    at DerivedLogger.emit (node:domain:475:12)
    at addChunk (C:\Users\cparadise\FundooNotes\fundooNotes\node_modules\winston\node_modules\readable-stream\lib\_stream_readable.js:298:12) {"date":"Wed Jun 29 2022 08:33:19 GMT+0530 (India Standard Time)","error":{"code":"EPIPE","errno":-4047,"syscall":"write"},"exception":true,"os":{"loadavg":[0,0,0],"uptime":779863},"process":{"argv":["node","C:\\Users\\cparadise\\FundooNotes\\fundooNotes\\src\\index.js"],"cwd":"C:\\Users\\cparadise\\FundooNotes\\fundooNotes","execPath":"C:\\Program Files\\nodejs\\node.exe","gid":null,"memoryUsage":{"arrayBuffers":18360884,"external":20117855,"heapTotal":43536384,"heapUsed":39837104,"rss":60911616},"pid":6360,"uid":null,"version":"v16.15.1"},"stack":"Error: write EPIPE\n    at afterWriteDispatched (node:internal/stream_base_commons:160:15)\n    at writeGeneric (node:internal/stream_base_commons:151:3)\n    at WriteStream.Socket._writeGeneric (node:net:817:11)\n    at WriteStream.Socket._write (node:net:829:8)\n    at writeOrBuffer (node:internal/streams/writable:389:12)\n    at _write (node:internal/streams/writable:330:10)\n    at WriteStream.Writable.write (node:internal/streams/writable:334:10)\n    at Console.log (C:\\Users\\cparadise\\FundooNotes\\fundooNotes\\node_modules\\winston\\lib\\winston\\transports\\console.js:79:23)\n    at Console._write (C:\\Users\\cparadise\\FundooNotes\\fundooNotes\\node_modules\\winston-transport\\index.js:82:19)\n    at doWrite (C:\\Users\\cparadise\\FundooNotes\\fundooNotes\\node_modules\\winston-transport\\node_modules\\readable-stream\\lib\\_stream_writable.js:409:139)\n    at writeOrBuffer (C:\\Users\\cparadise\\FundooNotes\\fundooNotes\\node_modules\\winston-transport\\node_modules\\readable-stream\\lib\\_stream_writable.js:398:5)\n    at Console.Writable.write (C:\\Users\\cparadise\\FundooNotes\\fundooNotes\\node_modules\\winston-transport\\node_modules\\readable-stream\\lib\\_stream_writable.js:307:11)\n    at DerivedLogger.ondata (C:\\Users\\cparadise\\FundooNotes\\fundooNotes\\node_modules\\winston\\node_modules\\readable-stream\\lib\\_stream_readable.js:681:20)\n    at DerivedLogger.emit (node:events:539:35)\n    at DerivedLogger.emit (node:domain:475:12)\n    at addChunk (C:\\Users\\cparadise\\FundooNotes\\fundooNotes\\node_modules\\winston\\node_modules\\readable-stream\\lib\\_stream_readable.js:298:12)","timestamp":"2022-06-29T03:03:20.161Z","trace":[{"column":15,"file":"node:internal/stream_base_commons","function":"afterWriteDispatched","line":160,"method":null,"native":false},{"column":3,"file":"node:internal/stream_base_commons","function":"writeGeneric","line":151,"method":null,"native":false},{"column":11,"file":"node:net","function":"WriteStream.Socket._writeGeneric","line":817,"method":"_writeGeneric","native":false},{"column":8,"file":"node:net","function":"WriteStream.Socket._write","line":829,"method":"_write","native":false},{"column":12,"file":"node:internal/streams/writable","function":"writeOrBuffer","line":389,"method":null,"native":false},{"column":10,"file":"node:internal/streams/writable","function":"_write","line":330,"method":null,"native":false},{"column":10,"file":"node:internal/streams/writable","function":"WriteStream.Writable.write","line":334,"method":"write","native":false},{"column":23,"file":"C:\\Users\\cparadise\\FundooNotes\\fundooNotes\\node_modules\\winston\\lib\\winston\\transports\\console.js","function":"Console.log","line":79,"method":"log","native":false},{"column":19,"file":"C:\\Users\\cparadise\\FundooNotes\\fundooNotes\\node_modules\\winston-transport\\index.js","function":"Console._write","line":82,"method":"_write","native":false},{"column":139,"file":"C:\\Users\\cparadise\\FundooNotes\\fundooNotes\\node_modules\\winston-transport\\node_modules\\readable-stream\\lib\\_stream_writable.js","function":"doWrite","line":409,"method":null,"native":false},{"column":5,"file":"C:\\Users\\cparadise\\FundooNotes\\fundooNotes\\node_modules\\winston-transport\\node_modules\\readable-stream\\lib\\_stream_writable.js","function":"writeOrBuffer","line":398,"method":null,"native":false},{"column":11,"file":"C:\\Users\\cparadise\\FundooNotes\\fundooNotes\\node_modules\\winston-transport\\node_modules\\readable-stream\\lib\\_stream_writable.js","function":"Console.Writable.write","line":307,"method":"write","native":false},{"column":20,"file":"C:\\Users\\cparadise\\FundooNotes\\fundooNotes\\node_modules\\winston\\node_modules\\readable-stream\\lib\\_stream_readable.js","function":"DerivedLogger.ondata","line":681,"method":"ondata","native":false},{"column":35,"file":"node:events","function":"DerivedLogger.emit","line":539,"method":"emit","native":false},{"column":12,"file":"node:domain","function":"DerivedLogger.emit","line":475,"method":"emit","native":false},{"column":12,"file":"C:\\Users\\cparadise\\FundooNotes\\fundooNotes\\node_modules\\winston\\node_modules\\readable-stream\\lib\\_stream_readable.js","function":"addChunk","line":298,"method":null,"native":false}]}
error: uncaughtException: write EPIPE
Error: write EPIPE
    at afterWriteDispatched (node:internal/stream_base_commons:160:15)
    at writeGeneric (node:internal/stream_base_commons:151:3)
    at WriteStream.Socket._writeGeneric (node:net:817:11)
    at WriteStream.Socket._write (node:net:829:8)
    at writeOrBuffer (node:internal/streams/writable:389:12)
    at _write (node:internal/streams/writable:330:10)
    at WriteStream.Writable.write (node:internal/streams/writable:334:10)
    at Console.log (C:\Users\cparadise\FundooNotes\fundooNotes\node_modules\winston\lib\winston\transports\console.js:79:23)
    at Console._write (C:\Users\cparadise\FundooNotes\fundooNotes\node_modules\winston-transport\index.js:82:19)
    at doWrite (C:\Users\cparadise\FundooNotes\fundooNotes\node_modules\winston-transport\node_modules\readable-stream\lib\_stream_writable.js:409:139)
    at writeOrBuffer (C:\Users\cparadise\FundooNotes\fundooNotes\node_modules\winston-transport\node_modules\readable-stream\lib\_stream_writable.js:398:5)
    at Console.Writable.write (C:\Users\cparadise\FundooNotes\fundooNotes\node_modules\winston-transport\node_modules\readable-stream\lib\_stream_writable.js:307:11)
    at DerivedLogger.ondata (C:\Users\cparadise\FundooNotes\fundooNotes\node_modules\winston\node_modules\readable-stream\lib\_stream_readable.js:681:20)
    at DerivedLogger.emit (node:events:539:35)
    at DerivedLogger.emit (node:domain:475:12)
    at addChunk (C:\Users\cparadise\FundooNotes\fundooNotes\node_modules\winston\node_modules\readable-stream\lib\_stream_readable.js:298:12) {"date":"Wed Jun 29 2022 08:33:20 GMT+0530 (India Standard Time)","error":{"code":"EPIPE","errno":-4047,"syscall":"write"},"exception":true,"os":{"loadavg":[0,0,0],"uptime":779863},"process":{"argv":["node","C:\\Users\\cparadise\\FundooNotes\\fundooNotes\\src\\index.js"],"cwd":"C:\\Users\\cparadise\\FundooNotes\\fundooNotes","execPath":"C:\\Program Files\\nodejs\\node.exe","gid":null,"memoryUsage":{"arrayBuffers":18314497,"external":20137152,"heapTotal":43798528,"heapUsed":39817696,"rss":61792256},"pid":6360,"uid":null,"version":"v16.15.1"},"stack":"Error: write EPIPE\n    at afterWriteDispatched (node:internal/stream_base_commons:160:15)\n    at writeGeneric (node:internal/stream_base_commons:151:3)\n    at WriteStream.Socket._writeGeneric (node:net:817:11)\n    at WriteStream.Socket._write (node:net:829:8)\n    at writeOrBuffer (node:internal/streams/writable:389:12)\n    at _write (node:internal/streams/writable:330:10)\n    at WriteStream.Writable.write (node:internal/streams/writable:334:10)\n    at Console.log (C:\\Users\\cparadise\\FundooNotes\\fundooNotes\\node_modules\\winston\\lib\\winston\\transports\\console.js:79:23)\n    at Console._write (C:\\Users\\cparadise\\FundooNotes\\fundooNotes\\node_modules\\winston-transport\\index.js:82:19)\n    at doWrite (C:\\Users\\cparadise\\FundooNotes\\fundooNotes\\node_modules\\winston-transport\\node_modules\\readable-stream\\lib\\_stream_writable.js:409:139)\n    at writeOrBuffer (C:\\Users\\cparadise\\FundooNotes\\fundooNotes\\node_modules\\winston-transport\\node_modules\\readable-stream\\lib\\_stream_writable.js:398:5)\n    at Console.Writable.write (C:\\Users\\cparadise\\FundooNotes\\fundooNotes\\node_modules\\winston-transport\\node_modules\\readable-stream\\lib\\_stream_writable.js:307:11)\n    at DerivedLogger.ondata (C:\\Users\\cparadise\\FundooNotes\\fundooNotes\\node_modules\\winston\\node_modules\\readable-stream\\lib\\_stream_readable.js:681:20)\n    at DerivedLogger.emit (node:events:539:35)\n    at DerivedLogger.emit (node:domain:475:12)\n    at addChunk (C:\\Users\\cparadise\\FundooNotes\\fundooNotes\\node_modules\\winston\\node_modules\\readable-stream\\lib\\_stream_readable.js:298:12)","timestamp":"2022-06-29T03:03:20.188Z","trace":[{"column":15,"file":"node:internal/stream_base_commons","function":"afterWriteDispatched","line":160,"method":null,"native":false},{"column":3,"file":"node:internal/stream_base_commons","function":"writeGeneric","line":151,"method":null,"native":false},{"column":11,"file":"node:net","function":"WriteStream.Socket._writeGeneric","line":817,"method":"_writeGeneric","native":false},{"column":8,"file":"node:net","function":"WriteStream.Socket._write","line":829,"method":"_write","native":false},{"column":12,"file":"node:internal/streams/writable","function":"writeOrBuffer","line":389,"method":null,"native":false},{"column":10,"file":"node:internal/streams/writable","function":"_write","line":330,"method":null,"native":false},{"column":10,"file":"node:internal/streams/writable","function":"WriteStream.Writable.write","line":334,"method":"write","native":false},{"column":23,"file":"C:\\Users\\cparadise\\FundooNotes\\fundooNotes\\node_modules\\winston\\lib\\winston\\transports\\console.js","function":"Console.log","line":79,"method":"log","native":false},{"column":19,"file":"C:\\Users\\cparadise\\FundooNotes\\fundooNotes\\node_modules\\winston-transport\\index.js","function":"Console._write","line":82,"method":"_write","native":false},{"column":139,"file":"C:\\Users\\cparadise\\FundooNotes\\fundooNotes\\node_modules\\winston-transport\\node_modules\\readable-stream\\lib\\_stream_writable.js","function":"doWrite","line":409,"method":null,"native":false},{"column":5,"file":"C:\\Users\\cparadise\\FundooNotes\\fundooNotes\\node_modules\\winston-transport\\node_modules\\readable-stream\\lib\\_stream_writable.js","function":"writeOrBuffer","line":398,"method":null,"native":false},{"column":11,"file":"C:\\Users\\cparadise\\FundooNotes\\fundooNotes\\node_modules\\winston-transport\\node_modules\\readable-stream\\lib\\_stream_writable.js","function":"Console.Writable.write","line":307,"method":"write","native":false},{"column":20,"file":"C:\\Users\\cparadise\\FundooNotes\\fundooNotes\\node_modules\\winston\\node_modules\\readable-stream\\lib\\_stream_readable.js","function":"DerivedLogger.ondata","line":681,"method":"ondata","native":false},{"column":35,"file":"node:events","function":"DerivedLogger.emit","line":539,"method":"emit","native":false},{"column":12,"file":"node:domain","function":"DerivedLogger.emit","line":475,"method":"emit","native":false},{"column":12,"file":"C:\\Users\\cparadise\\FundooNotes\\fundooNotes\\node_modules\\winston\\node_modules\\readable-stream\\lib\\_stream_readable.js","function":"addChunk","line":298,"method":null,"native":false}]}
error: uncaughtException: write EPIPE
Error: write EPIPE
    at afterWriteDispatched (node:internal/stream_base_commons:160:15)
    at writeGeneric (node:internal/stream_base_commons:151:3)
    at WriteStream.Socket._writeGeneric (node:net:817:11)
    at WriteStream.Socket._write (node:net:829:8)
    at writeOrBuffer (node:internal/streams/writable:389:12)
    at _write (node:internal/streams/writable:330:10)
    at WriteStream.Writable.write (node:internal/streams/writable:334:10)
    at Console.log (C:\Users\cparadise\FundooNotes\fundooNotes\node_modules\winston\lib\winston\transports\console.js:79:23)
    at Console._write (C:\Users\cparadise\FundooNotes\fundooNotes\node_modules\winston-transport\index.js:82:19)
    at doWrite (C:\Users\cparadise\FundooNotes\fundooNotes\node_modules\winston-transport\node_modules\readable-stream\lib\_stream_writable.js:409:139)
    at writeOrBuffer (C:\Users\cparadise\FundooNotes\fundooNotes\node_modules\winston-transport\node_modules\readable-stream\lib\_stream_writable.js:398:5)
    at Console.Writable.write (C:\Users\cparadise\FundooNotes\fundooNotes\node_modules\winston-transport\node_modules\readable-stream\lib\_stream_writable.js:307:11)
    at DerivedLogger.ondata (C:\Users\cparadise\FundooNotes\fundooNotes\node_modules\winston\node_modules\readable-stream\lib\_stream_readable.js:681:20)
    at DerivedLogger.emit (node:events:539:35)
    at DerivedLogger.emit (node:domain:475:12)
    at addChunk (C:\Users\cparadise\FundooNotes\fundooNotes\node_modules\winston\node_modules\readable-stream\lib\_stream_readable.js:298:12) {"date":"Wed Jun 29 2022 08:33:20 GMT+0530 (India Standard Time)","error":{"code":"EPIPE","errno":-4047,"syscall":"write"},"exception":true,"os":{"loadavg":[0,0,0],"uptime":779863},"process":{"argv":["node","C:\\Users\\cparadise\\FundooNotes\\fundooNotes\\src\\index.js"],"cwd":"C:\\Users\\cparadise\\FundooNotes\\fundooNotes","execPath":"C:\\Program Files\\nodejs\\node.exe","gid":null,"memoryUsage":{"arrayBuffers":18333730,"external":20156385,"heapTotal":43798528,"heapUsed":40150936,"rss":62169088},"pid":6360,"uid":null,"version":"v16.15.1"},"stack":"Error: write EPIPE\n    at afterWriteDispatched (node:internal/stream_base_commons:160:15)\n    at writeGeneric (node:internal/stream_base_commons:151:3)\n    at WriteStream.Socket._writeGeneric (node:net:817:11)\n    at WriteStream.Socket._write (node:net:829:8)\n    at writeOrBuffer (node:internal/streams/writable:389:12)\n    at _write (node:internal/streams/writable:330:10)\n    at WriteStream.Writable.write (node:internal/streams/writable:334:10)\n    at Console.log (C:\\Users\\cparadise\\FundooNotes\\fundooNotes\\node_modules\\winston\\lib\\winston\\transports\\console.js:79:23)\n    at Console._write (C:\\Users\\cparadise\\FundooNotes\\fundooNotes\\node_modules\\winston-transport\\index.js:82:19)\n    at doWrite (C:\\Users\\cparadise\\FundooNotes\\fundooNotes\\node_modules\\winston-transport\\node_modules\\readable-stream\\lib\\_stream_writable.js:409:139)\n    at writeOrBuffer (C:\\Users\\cparadise\\FundooNotes\\fundooNotes\\node_modules\\winston-transport\\node_modules\\readable-stream\\lib\\_stream_writable.js:398:5)\n    at Console.Writable.write (C:\\Users\\cparadise\\FundooNotes\\fundooNotes\\node_modules\\winston-transport\\node_modules\\readable-stream\\lib\\_stream_writable.js:307:11)\n    at DerivedLogger.ondata (C:\\Users\\cparadise\\FundooNotes\\fundooNotes\\node_modules\\winston\\node_modules\\readable-stream\\lib\\_stream_readable.js:681:20)\n    at DerivedLogger.emit (node:events:539:35)\n    at DerivedLogger.emit (node:domain:475:12)\n    at addChunk (C:\\Users\\cparadise\\FundooNotes\\fundooNotes\\node_modules\\winston\\node_modules\\readable-stream\\lib\\_stream_readable.js:298:12)","timestamp":"2022-06-29T03:03:20.199Z","trace":[{"column":15,"file":"node:internal/stream_base_commons","function":"afterWriteDispatched","line":160,"method":null,"native":false},{"column":3,"file":"node:internal/stream_base_commons","function":"writeGeneric","line":151,"method":null,"native":false},{"column":11,"file":"node:net","function":"WriteStream.Socket._writeGeneric","line":817,"method":"_writeGeneric","native":false},{"column":8,"file":"node:net","function":"WriteStream.Socket._write","line":829,"method":"_write","native":false},{"column":12,"file":"node:internal/streams/writable","function":"writeOrBuffer","line":389,"method":null,"native":false},{"column":10,"file":"node:internal/streams/writable","function":"_write","line":330,"method":null,"native":false},{"column":10,"file":"node:internal/streams/writable","function":"WriteStream.Writable.write","line":334,"method":"write","native":false},{"column":23,"file":"C:\\Users\\cparadise\\FundooNotes\\fundooNotes\\node_modules\\winston\\lib\\winston\\transports\\console.js","function":"Console.log","line":79,"method":"log","native":false},{"column":19,"file":"C:\\Users\\cparadise\\FundooNotes\\fundooNotes\\node_modules\\winston-transport\\index.js","function":"Console._write","line":82,"method":"_write","native":false},{"column":139,"file":"C:\\Users\\cparadise\\FundooNotes\\fundooNotes\\node_modules\\winston-transport\\node_modules\\readable-stream\\lib\\_stream_writable.js","function":"doWrite","line":409,"method":null,"native":false},{"column":5,"file":"C:\\Users\\cparadise\\FundooNotes\\fundooNotes\\node_modules\\winston-transport\\node_modules\\readable-stream\\lib\\_stream_writable.js","function":"writeOrBuffer","line":398,"method":null,"native":false},{"column":11,"file":"C:\\Users\\cparadise\\FundooNotes\\fundooNotes\\node_modules\\winston-transport\\node_modules\\readable-stream\\lib\\_stream_writable.js","function":"Console.Writable.write","line":307,"method":"write","native":false},{"column":20,"file":"C:\\Users\\cparadise\\FundooNotes\\fundooNotes\\node_modules\\winston\\node_modules\\readable-stream\\lib\\_stream_readable.js","function":"DerivedLogger.ondata","line":681,"method":"ondata","native":false},{"column":35,"file":"node:events","function":"DerivedLogger.emit","line":539,"method":"emit","native":false},{"column":12,"file":"node:domain","function":"DerivedLogger.emit","line":475,"method":"emit","native":false},{"column":12,"file":"C:\\Users\\cparadise\\FundooNotes\\fundooNotes\\node_modules\\winston\\node_modules\\readable-stream\\lib\\_stream_readable.js","function":"addChunk","line":298,"method":null,"native":false}]}
error: uncaughtException: write EPIPE
Error: write EPIPE
    at afterWriteDispatched (node:internal/stream_base_commons:160:15)
    at writeGeneric (node:internal/stream_base_commons:151:3)
    at WriteStream.Socket._writeGeneric (node:net:817:11)
    at WriteStream.Socket._write (node:net:829:8)
    at writeOrBuffer (node:internal/streams/writable:389:12)
    at _write (node:internal/streams/writable:330:10)
    at WriteStream.Writable.write (node:internal/streams/writable:334:10)
    at Console.log (C:\Users\cparadise\FundooNotes\fundooNotes\node_modules\winston\lib\winston\transports\console.js:79:23)
    at Console._write (C:\Users\cparadise\FundooNotes\fundooNotes\node_modules\winston-transport\index.js:82:19)
    at doWrite (C:\Users\cparadise\FundooNotes\fundooNotes\node_modules\winston-transport\node_modules\readable-stream\lib\_stream_writable.js:409:139)
    at writeOrBuffer (C:\Users\cparadise\FundooNotes\fundooNotes\node_modules\winston-transport\node_modules\readable-stream\lib\_stream_writable.js:398:5)
    at Console.Writable.write (C:\Users\cparadise\FundooNotes\fundooNotes\node_modules\winston-transport\node_modules\readable-stream\lib\_stream_writable.js:307:11)
    at DerivedLogger.ondata (C:\Users\cparadise\FundooNotes\fundooNotes\node_modules\winston\node_modules\readable-stream\lib\_stream_readable.js:681:20)
    at DerivedLogger.emit (node:events:539:35)
    at DerivedLogger.emit (node:domain:475:12)
    at addChunk (C:\Users\cparadise\FundooNotes\fundooNotes\node_modules\winston\node_modules\readable-stream\lib\_stream_readable.js:298:12) {"date":"Wed Jun 29 2022 08:33:20 GMT+0530 (India Standard Time)","error":{"code":"EPIPE","errno":-4047,"syscall":"write"},"exception":true,"os":{"loadavg":[0,0,0],"uptime":779863},"process":{"argv":["node","C:\\Users\\cparadise\\FundooNotes\\fundooNotes\\src\\index.js"],"cwd":"C:\\Users\\cparadise\\FundooNotes\\fundooNotes","execPath":"C:\\Program Files\\nodejs\\node.exe","gid":null,"memoryUsage":{"arrayBuffers":18352861,"external":20175618,"heapTotal":44322816,"heapUsed":40041000,"rss":62201856},"pid":6360,"uid":null,"version":"v16.15.1"},"stack":"Error: write EPIPE\n    at afterWriteDispatched (node:internal/stream_base_commons:160:15)\n    at writeGeneric (node:internal/stream_base_commons:151:3)\n    at WriteStream.Socket._writeGeneric (node:net:817:11)\n    at WriteStream.Socket._write (node:net:829:8)\n    at writeOrBuffer (node:internal/streams/writable:389:12)\n    at _write (node:internal/streams/writable:330:10)\n    at WriteStream.Writable.write (node:internal/streams/writable:334:10)\n    at Console.log (C:\\Users\\cparadise\\FundooNotes\\fundooNotes\\node_modules\\winston\\lib\\winston\\transports\\console.js:79:23)\n    at Console._write (C:\\Users\\cparadise\\FundooNotes\\fundooNotes\\node_modules\\winston-transport\\index.js:82:19)\n    at doWrite (C:\\Users\\cparadise\\FundooNotes\\fundooNotes\\node_modules\\winston-transport\\node_modules\\readable-stream\\lib\\_stream_writable.js:409:139)\n    at writeOrBuffer (C:\\Users\\cparadise\\FundooNotes\\fundooNotes\\node_modules\\winston-transport\\node_modules\\readable-stream\\lib\\_stream_writable.js:398:5)\n    at Console.Writable.write (C:\\Users\\cparadise\\FundooNotes\\fundooNotes\\node_modules\\winston-transport\\node_modules\\readable-stream\\lib\\_stream_writable.js:307:11)\n    at DerivedLogger.ondata (C:\\Users\\cparadise\\FundooNotes\\fundooNotes\\node_modules\\winston\\node_modules\\readable-stream\\lib\\_stream_readable.js:681:20)\n    at DerivedLogger.emit (node:events:539:35)\n    at DerivedLogger.emit (node:domain:475:12)\n    at addChunk (C:\\Users\\cparadise\\FundooNotes\\fundooNotes\\node_modules\\winston\\node_modules\\readable-stream\\lib\\_stream_readable.js:298:12)","timestamp":"2022-06-29T03:03:20.238Z","trace":[{"column":15,"file":"node:internal/stream_base_commons","function":"afterWriteDispatched","line":160,"method":null,"native":false},{"column":3,"file":"node:internal/stream_base_commons","function":"writeGeneric","line":151,"method":null,"native":false},{"column":11,"file":"node:net","function":"WriteStream.Socket._writeGeneric","line":817,"method":"_writeGeneric","native":false},{"column":8,"file":"node:net","function":"WriteStream.Socket._write","line":829,"method":"_write","native":false},{"column":12,"file":"node:internal/streams/writable","function":"writeOrBuffer","line":389,"method":null,"native":false},{"column":10,"file":"node:internal/streams/writable","function":"_write","line":330,"method":null,"native":false},{"column":10,"file":"node:internal/streams/writable","function":"WriteStream.Writable.write","line":334,"method":"write","native":false},{"column":23,"file":"C:\\Users\\cparadise\\FundooNotes\\fundooNotes\\node_modules\\winston\\lib\\winston\\transports\\console.js","function":"Console.log","line":79,"method":"log","native":false},{"column":19,"file":"C:\\Users\\cparadise\\FundooNotes\\fundooNotes\\node_modules\\winston-transport\\index.js","function":"Console._write","line":82,"method":"_write","native":false},{"column":139,"file":"C:\\Users\\cparadise\\FundooNotes\\fundooNotes\\node_modules\\winston-transport\\node_modules\\readable-stream\\lib\\_stream_writable.js","function":"doWrite","line":409,"method":null,"native":false},{"column":5,"file":"C:\\Users\\cparadise\\FundooNotes\\fundooNotes\\node_modules\\winston-transport\\node_modules\\readable-stream\\lib\\_stream_writable.js","function":"writeOrBuffer","line":398,"method":null,"native":false},{"column":11,"file":"C:\\Users\\cparadise\\FundooNotes\\fundooNotes\\node_modules\\winston-transport\\node_modules\\readable-stream\\lib\\_stream_writable.js","function":"Console.Writable.write","line":307,"method":"write","native":false},{"column":20,"file":"C:\\Users\\cparadise\\FundooNotes\\fundooNotes\\node_modules\\winston\\node_modules\\readable-stream\\lib\\_stream_readable.js","function":"DerivedLogger.ondata","line":681,"method":"ondata","native":false},{"column":35,"file":"node:events","function":"DerivedLogger.emit","line":539,"method":"emit","native":false},{"column":12,"file":"node:domain","function":"DerivedLogger.emit","line":475,"method":"emit","native":false},{"column":12,"file":"C:\\Users\\cparadise\\FundooNotes\\fundooNotes\\node_modules\\winston\\node_modules\\readable-stream\\lib\\_stream_readable.js","function":"addChunk","line":298,"method":null,"native":false}]}
info: Server started at http://localhost:7000/api/v1/ {"timestamp":"2022-06-29T03:04:12.704Z"}
info: Connected to the database. {"timestamp":"2022-06-29T03:04:12.825Z"}
info: Server started at http://localhost:7000/api/v1/ {"timestamp":"2022-06-29T03:29:18.660Z"}
info: Connected to the database. {"timestamp":"2022-06-29T03:29:18.798Z"}
info: Server started at http://localhost:7000/api/v1/ {"timestamp":"2022-06-29T03:31:45.557Z"}
info: Connected to the database. {"timestamp":"2022-06-29T03:31:45.661Z"}
info: Server started at http://localhost:7000/api/v1/ {"timestamp":"2022-06-29T03:49:38.394Z"}
info: Connected to the database. {"timestamp":"2022-06-29T03:49:38.512Z"}
info: Server started at http://localhost:7000/api/v1/ {"timestamp":"2022-06-29T03:50:08.957Z"}
info: Connected to the database. {"timestamp":"2022-06-29T03:50:09.039Z"}
