info: Server started at http://localhost:7000/api/v1/ {"timestamp":"2022-06-25T02:46:05.773Z"}
info: Connected to the database. {"timestamp":"2022-06-25T02:46:05.911Z"}
info: Server started at http://localhost:7000/api/v1/ {"timestamp":"2022-06-25T02:47:13.079Z"}
info: Connected to the database. {"timestamp":"2022-06-25T02:47:13.168Z"}
info: Server started at http://localhost:7000/api/v1/ {"timestamp":"2022-06-25T02:47:20.895Z"}
info: Connected to the database. {"timestamp":"2022-06-25T02:47:20.955Z"}
info: Server started at http://localhost:7000/api/v1/ {"timestamp":"2022-06-25T02:47:36.319Z"}
info: Connected to the database. {"timestamp":"2022-06-25T02:47:36.404Z"}
error: 
    status - 500 
    message - ValidationError: "lastname" is required 
    url - /api/v1/users/newUser 
    method - POST 
    IP - ::1
   {"timestamp":"2022-06-25T02:48:46.091Z"}
info: Server started at http://localhost:7000/api/v1/ {"timestamp":"2022-06-25T03:10:05.250Z"}
info: Connected to the database. {"timestamp":"2022-06-25T03:10:05.294Z"}
info: Server started at http://localhost:7000/api/v1/ {"timestamp":"2022-06-25T03:10:37.818Z"}
info: Connected to the database. {"timestamp":"2022-06-25T03:10:37.873Z"}
info: Server started at http://localhost:7000/api/v1/ {"timestamp":"2022-06-25T03:13:35.003Z"}
info: Connected to the database. {"timestamp":"2022-06-25T03:13:35.085Z"}
error: 
    status - 500 
    message - ReferenceError: saltRounds is not defined
    at _callee$ (C:\Users\cparadise\FundooNotes\fundooNotes\src\services\/user.service.js:8:55)
    at tryCatch (C:\Users\cparadise\FundooNotes\fundooNotes\node_modules\@babel\runtime\helpers\regeneratorRuntime.js:86:17)
    at Generator._invoke (C:\Users\cparadise\FundooNotes\fundooNotes\node_modules\@babel\runtime\helpers\regeneratorRuntime.js:66:24)
    at Generator.next (C:\Users\cparadise\FundooNotes\fundooNotes\node_modules\@babel\runtime\helpers\regeneratorRuntime.js:117:21)
    at asyncGeneratorStep (C:\Users\cparadise\FundooNotes\fundooNotes\node_modules\@babel\runtime\helpers\asyncToGenerator.js:3:24)
    at _next (C:\Users\cparadise\FundooNotes\fundooNotes\node_modules\@babel\runtime\helpers\asyncToGenerator.js:25:9)
    at C:\Users\cparadise\FundooNotes\fundooNotes\node_modules\@babel\runtime\helpers\asyncToGenerator.js:32:7
    at new Promise (<anonymous>)
    at Object.<anonymous> (C:\Users\cparadise\FundooNotes\fundooNotes\node_modules\@babel\runtime\helpers\asyncToGenerator.js:21:12)
    at Object.userRegistration (C:\Users\cparadise\FundooNotes\fundooNotes\src\services\/user.service.js:5:30)
    at _callee3$ (C:\Users\cparadise\FundooNotes\fundooNotes\src\controllers\/user.controller.js:50:36)
    at tryCatch (C:\Users\cparadise\FundooNotes\fundooNotes\node_modules\@babel\runtime\helpers\regeneratorRuntime.js:86:17)
    at Generator._invoke (C:\Users\cparadise\FundooNotes\fundooNotes\node_modules\@babel\runtime\helpers\regeneratorRuntime.js:66:24)
    at Generator.next (C:\Users\cparadise\FundooNotes\fundooNotes\node_modules\@babel\runtime\helpers\regeneratorRuntime.js:117:21)
    at asyncGeneratorStep (C:\Users\cparadise\FundooNotes\fundooNotes\node_modules\@babel\runtime\helpers\asyncToGenerator.js:3:24)
    at _next (C:\Users\cparadise\FundooNotes\fundooNotes\node_modules\@babel\runtime\helpers\asyncToGenerator.js:25:9) 
    url - /api/v1/users/newUser 
    method - POST 
    IP - ::1
   {"timestamp":"2022-06-25T03:14:54.766Z"}
info: Server started at http://localhost:7000/api/v1/ {"timestamp":"2022-06-25T03:15:43.276Z"}
info: Connected to the database. {"timestamp":"2022-06-25T03:15:43.328Z"}
error: 
    status - 500 
    message - Error: data and salt arguments required
    at Object.hash (C:\Users\cparadise\FundooNotes\fundooNotes\node_modules\bcrypt\bcrypt.js:137:17)
    at C:\Users\cparadise\FundooNotes\fundooNotes\node_modules\bcrypt\promises.js:29:12
    at new Promise (<anonymous>)
    at Object.module.exports.promise (C:\Users\cparadise\FundooNotes\fundooNotes\node_modules\bcrypt\promises.js:20:12)
    at Object.hash (C:\Users\cparadise\FundooNotes\fundooNotes\node_modules\bcrypt\bcrypt.js:133:25)
    at _callee$ (C:\Users\cparadise\FundooNotes\fundooNotes\src\services\/user.service.js:8:35)
    at tryCatch (C:\Users\cparadise\FundooNotes\fundooNotes\node_modules\@babel\runtime\helpers\regeneratorRuntime.js:86:17)
    at Generator._invoke (C:\Users\cparadise\FundooNotes\fundooNotes\node_modules\@babel\runtime\helpers\regeneratorRuntime.js:66:24)
    at Generator.next (C:\Users\cparadise\FundooNotes\fundooNotes\node_modules\@babel\runtime\helpers\regeneratorRuntime.js:117:21)
    at asyncGeneratorStep (C:\Users\cparadise\FundooNotes\fundooNotes\node_modules\@babel\runtime\helpers\asyncToGenerator.js:3:24)
    at _next (C:\Users\cparadise\FundooNotes\fundooNotes\node_modules\@babel\runtime\helpers\asyncToGenerator.js:25:9)
    at C:\Users\cparadise\FundooNotes\fundooNotes\node_modules\@babel\runtime\helpers\asyncToGenerator.js:32:7
    at new Promise (<anonymous>)
    at Object.<anonymous> (C:\Users\cparadise\FundooNotes\fundooNotes\node_modules\@babel\runtime\helpers\asyncToGenerator.js:21:12)
    at Object.userRegistration (C:\Users\cparadise\FundooNotes\fundooNotes\src\services\/user.service.js:5:30)
    at _callee3$ (C:\Users\cparadise\FundooNotes\fundooNotes\src\controllers\/user.controller.js:50:36) 
    url - /api/v1/users/newUser 
    method - POST 
    IP - ::1
   {"timestamp":"2022-06-25T03:15:52.753Z"}
info: Server started at http://localhost:7000/api/v1/ {"timestamp":"2022-06-25T03:17:36.371Z"}
info: Connected to the database. {"timestamp":"2022-06-25T03:17:36.420Z"}
error: 
    status - 500 
    message - Error: data and salt arguments required
    at Object.hash (C:\Users\cparadise\FundooNotes\fundooNotes\node_modules\bcrypt\bcrypt.js:137:17)
    at C:\Users\cparadise\FundooNotes\fundooNotes\node_modules\bcrypt\promises.js:29:12
    at new Promise (<anonymous>)
    at Object.module.exports.promise (C:\Users\cparadise\FundooNotes\fundooNotes\node_modules\bcrypt\promises.js:20:12)
    at Object.hash (C:\Users\cparadise\FundooNotes\fundooNotes\node_modules\bcrypt\bcrypt.js:133:25)
    at _callee$ (C:\Users\cparadise\FundooNotes\fundooNotes\src\services\/user.service.js:8:35)
    at tryCatch (C:\Users\cparadise\FundooNotes\fundooNotes\node_modules\@babel\runtime\helpers\regeneratorRuntime.js:86:17)
    at Generator._invoke (C:\Users\cparadise\FundooNotes\fundooNotes\node_modules\@babel\runtime\helpers\regeneratorRuntime.js:66:24)
    at Generator.next (C:\Users\cparadise\FundooNotes\fundooNotes\node_modules\@babel\runtime\helpers\regeneratorRuntime.js:117:21)
    at asyncGeneratorStep (C:\Users\cparadise\FundooNotes\fundooNotes\node_modules\@babel\runtime\helpers\asyncToGenerator.js:3:24)
    at _next (C:\Users\cparadise\FundooNotes\fundooNotes\node_modules\@babel\runtime\helpers\asyncToGenerator.js:25:9)
    at C:\Users\cparadise\FundooNotes\fundooNotes\node_modules\@babel\runtime\helpers\asyncToGenerator.js:32:7
    at new Promise (<anonymous>)
    at Object.<anonymous> (C:\Users\cparadise\FundooNotes\fundooNotes\node_modules\@babel\runtime\helpers\asyncToGenerator.js:21:12)
    at Object.userRegistration (C:\Users\cparadise\FundooNotes\fundooNotes\src\services\/user.service.js:5:30)
    at _callee3$ (C:\Users\cparadise\FundooNotes\fundooNotes\src\controllers\/user.controller.js:50:36) 
    url - /api/v1/users/newUser 
    method - POST 
    IP - ::1
   {"timestamp":"2022-06-25T03:17:59.417Z"}
error: 
    status - 500 
    message - Error: data and salt arguments required
    at Object.hash (C:\Users\cparadise\FundooNotes\fundooNotes\node_modules\bcrypt\bcrypt.js:137:17)
    at C:\Users\cparadise\FundooNotes\fundooNotes\node_modules\bcrypt\promises.js:29:12
    at new Promise (<anonymous>)
    at Object.module.exports.promise (C:\Users\cparadise\FundooNotes\fundooNotes\node_modules\bcrypt\promises.js:20:12)
    at Object.hash (C:\Users\cparadise\FundooNotes\fundooNotes\node_modules\bcrypt\bcrypt.js:133:25)
    at _callee$ (C:\Users\cparadise\FundooNotes\fundooNotes\src\services\/user.service.js:8:35)
    at tryCatch (C:\Users\cparadise\FundooNotes\fundooNotes\node_modules\@babel\runtime\helpers\regeneratorRuntime.js:86:17)
    at Generator._invoke (C:\Users\cparadise\FundooNotes\fundooNotes\node_modules\@babel\runtime\helpers\regeneratorRuntime.js:66:24)
    at Generator.next (C:\Users\cparadise\FundooNotes\fundooNotes\node_modules\@babel\runtime\helpers\regeneratorRuntime.js:117:21)
    at asyncGeneratorStep (C:\Users\cparadise\FundooNotes\fundooNotes\node_modules\@babel\runtime\helpers\asyncToGenerator.js:3:24)
    at _next (C:\Users\cparadise\FundooNotes\fundooNotes\node_modules\@babel\runtime\helpers\asyncToGenerator.js:25:9)
    at C:\Users\cparadise\FundooNotes\fundooNotes\node_modules\@babel\runtime\helpers\asyncToGenerator.js:32:7
    at new Promise (<anonymous>)
    at Object.<anonymous> (C:\Users\cparadise\FundooNotes\fundooNotes\node_modules\@babel\runtime\helpers\asyncToGenerator.js:21:12)
    at Object.userRegistration (C:\Users\cparadise\FundooNotes\fundooNotes\src\services\/user.service.js:5:30)
    at _callee3$ (C:\Users\cparadise\FundooNotes\fundooNotes\src\controllers\/user.controller.js:50:36) 
    url - /api/v1/users/newUser 
    method - POST 
    IP - ::1
   {"timestamp":"2022-06-25T03:20:46.720Z"}
info: Server started at http://localhost:7000/api/v1/ {"timestamp":"2022-06-25T03:22:45.133Z"}
info: Connected to the database. {"timestamp":"2022-06-25T03:22:45.208Z"}
info: Server started at http://localhost:7000/api/v1/ {"timestamp":"2022-06-25T04:11:34.708Z"}
info: Connected to the database. {"timestamp":"2022-06-25T04:11:35.360Z"}
info: Server started at http://localhost:7000/api/v1/ {"timestamp":"2022-06-25T07:21:19.355Z"}
info: Connected to the database. {"timestamp":"2022-06-25T07:21:19.797Z"}
error: 
    status - 500 
    message - TypeError: _transports.Console.log is not a function
    at _callee$ (C:\Users\cparadise\FundooNotes\fundooNotes\src\services\/user.service.js:9:11)
    at tryCatch (C:\Users\cparadise\FundooNotes\fundooNotes\node_modules\@babel\runtime\helpers\regeneratorRuntime.js:86:17)
    at Generator._invoke (C:\Users\cparadise\FundooNotes\fundooNotes\node_modules\@babel\runtime\helpers\regeneratorRuntime.js:66:24)
    at Generator.next (C:\Users\cparadise\FundooNotes\fundooNotes\node_modules\@babel\runtime\helpers\regeneratorRuntime.js:117:21)
    at asyncGeneratorStep (C:\Users\cparadise\FundooNotes\fundooNotes\node_modules\@babel\runtime\helpers\asyncToGenerator.js:3:24)
    at _next (C:\Users\cparadise\FundooNotes\fundooNotes\node_modules\@babel\runtime\helpers\asyncToGenerator.js:25:9) 
    url - /api/v1/users/newUser 
    method - POST 
    IP - ::1
   {"timestamp":"2022-06-25T07:22:35.127Z"}
info: Server started at http://localhost:7000/api/v1/ {"timestamp":"2022-06-25T07:23:03.884Z"}
info: Connected to the database. {"timestamp":"2022-06-25T07:23:03.986Z"}
