info: Server started at http://localhost:7000/api/v1/ {"timestamp":"2022-07-05T02:46:20.194Z"}
info: Connected to the database. {"timestamp":"2022-07-05T02:46:20.730Z"}
error: 
      status - 400
      message - Authorization token is required 
      url - /api/v1/notes 
      method - POST 
      IP - ::1
     {"timestamp":"2022-07-05T02:46:36.475Z"}
info: Connected to the database. {"timestamp":"2022-07-05T03:05:41.982Z"}
info: Connected to the database. {"timestamp":"2022-07-05T03:06:39.228Z"}
info: Connected to the database. {"timestamp":"2022-07-05T03:06:58.402Z"}
info: Connected to the database. {"timestamp":"2022-07-05T03:07:27.780Z"}
info: Connected to the database. {"timestamp":"2022-07-05T03:07:34.796Z"}
info: Connected to the database. {"timestamp":"2022-07-05T03:08:24.895Z"}
info: Connected to the database. {"timestamp":"2022-07-05T03:08:36.771Z"}
info: Connected to the database. {"timestamp":"2022-07-05T03:10:45.104Z"}
info: Connected to the database. {"timestamp":"2022-07-05T03:31:13.535Z"}
info: Connected to the database. {"timestamp":"2022-07-05T03:59:06.426Z"}
info: Connected to the database. {"timestamp":"2022-07-05T04:09:02.079Z"}
info: Server started at http://localhost:7000/api/v1/ {"timestamp":"2022-07-05T04:12:48.578Z"}
info: Connected to the database. {"timestamp":"2022-07-05T04:12:48.627Z"}
info: Server started at http://localhost:7000/api/v1/ {"timestamp":"2022-07-05T04:13:08.342Z"}
info: Connected to the database. {"timestamp":"2022-07-05T04:13:08.392Z"}
error: 
    status - 500 
    message - JsonWebTokenError: invalid token
    at Object.verify (C:\Users\cparadise\FundooNotes\fundoonotes\node_modules\jsonwebtoken\verify.js:75:17)
    at _callee$ (C:\Users\cparadise\FundooNotes\fundoonotes\src\middlewares\/auth.middleware.js:22:30)
    at tryCatch (C:\Users\cparadise\FundooNotes\fundoonotes\node_modules\@babel\runtime\helpers\regeneratorRuntime.js:86:17)
    at Generator._invoke (C:\Users\cparadise\FundooNotes\fundoonotes\node_modules\@babel\runtime\helpers\regeneratorRuntime.js:66:24)
    at Generator.next (C:\Users\cparadise\FundooNotes\fundoonotes\node_modules\@babel\runtime\helpers\regeneratorRuntime.js:117:21)
    at asyncGeneratorStep (C:\Users\cparadise\FundooNotes\fundoonotes\node_modules\@babel\runtime\helpers\asyncToGenerator.js:3:24)
    at _next (C:\Users\cparadise\FundooNotes\fundoonotes\node_modules\@babel\runtime\helpers\asyncToGenerator.js:25:9)
    at C:\Users\cparadise\FundooNotes\fundoonotes\node_modules\@babel\runtime\helpers\asyncToGenerator.js:32:7
    at new Promise (<anonymous>)
    at C:\Users\cparadise\FundooNotes\fundoonotes\node_modules\@babel\runtime\helpers\asyncToGenerator.js:21:12
    at userAuth (C:\Users\cparadise\FundooNotes\fundoonotes\src\middlewares\/auth.middleware.js:12:22)
    at Layer.handle [as handle_request] (C:\Users\cparadise\FundooNotes\fundoonotes\node_modules\express\lib\router\layer.js:95:5)
    at next (C:\Users\cparadise\FundooNotes\fundoonotes\node_modules\express\lib\router\route.js:144:13)
    at Route.dispatch (C:\Users\cparadise\FundooNotes\fundoonotes\node_modules\express\lib\router\route.js:114:3)
    at Layer.handle [as handle_request] (C:\Users\cparadise\FundooNotes\fundoonotes\node_modules\express\lib\router\layer.js:95:5)
    at C:\Users\cparadise\FundooNotes\fundoonotes\node_modules\express\lib\router\index.js:284:15 
    url - /api/v1/notes 
    method - POST 
    IP - ::1
   {"timestamp":"2022-07-05T09:21:18.239Z"}
info: Server started at http://localhost:7000/api/v1/ {"timestamp":"2022-07-05T09:26:34.803Z"}
info: Connected to the database. {"timestamp":"2022-07-05T09:26:34.897Z"}
error: 
    status - 500 
    message - JsonWebTokenError: invalid token
    at Object.verify (C:\Users\cparadise\FundooNotes\fundoonotes\node_modules\jsonwebtoken\verify.js:75:17)
    at _callee$ (C:\Users\cparadise\FundooNotes\fundoonotes\src\middlewares\/auth.middleware.js:23:30)
    at tryCatch (C:\Users\cparadise\FundooNotes\fundoonotes\node_modules\@babel\runtime\helpers\regeneratorRuntime.js:86:17)
    at Generator._invoke (C:\Users\cparadise\FundooNotes\fundoonotes\node_modules\@babel\runtime\helpers\regeneratorRuntime.js:66:24)
    at Generator.next (C:\Users\cparadise\FundooNotes\fundoonotes\node_modules\@babel\runtime\helpers\regeneratorRuntime.js:117:21)
    at asyncGeneratorStep (C:\Users\cparadise\FundooNotes\fundoonotes\node_modules\@babel\runtime\helpers\asyncToGenerator.js:3:24)
    at _next (C:\Users\cparadise\FundooNotes\fundoonotes\node_modules\@babel\runtime\helpers\asyncToGenerator.js:25:9)
    at C:\Users\cparadise\FundooNotes\fundoonotes\node_modules\@babel\runtime\helpers\asyncToGenerator.js:32:7
    at new Promise (<anonymous>)
    at C:\Users\cparadise\FundooNotes\fundoonotes\node_modules\@babel\runtime\helpers\asyncToGenerator.js:21:12
    at userAuth (C:\Users\cparadise\FundooNotes\fundoonotes\src\middlewares\/auth.middleware.js:12:22)
    at Layer.handle [as handle_request] (C:\Users\cparadise\FundooNotes\fundoonotes\node_modules\express\lib\router\layer.js:95:5)
    at next (C:\Users\cparadise\FundooNotes\fundoonotes\node_modules\express\lib\router\route.js:144:13)
    at Route.dispatch (C:\Users\cparadise\FundooNotes\fundoonotes\node_modules\express\lib\router\route.js:114:3)
    at Layer.handle [as handle_request] (C:\Users\cparadise\FundooNotes\fundoonotes\node_modules\express\lib\router\layer.js:95:5)
    at C:\Users\cparadise\FundooNotes\fundoonotes\node_modules\express\lib\router\index.js:284:15 
    url - /api/v1/notes 
    method - POST 
    IP - ::1
   {"timestamp":"2022-07-05T09:26:42.897Z"}
error: 
    status - 500 
    message - SyntaxError: Unexpected string in JSON at position 35
    at JSON.parse (<anonymous>)
    at parse (C:\Users\cparadise\FundooNotes\fundoonotes\node_modules\body-parser\lib\types\json.js:89:19)
    at C:\Users\cparadise\FundooNotes\fundoonotes\node_modules\body-parser\lib\read.js:128:18
    at AsyncResource.runInAsyncScope (node:async_hooks:202:9)
    at invokeCallback (C:\Users\cparadise\FundooNotes\fundoonotes\node_modules\raw-body\index.js:231:16)
    at done (C:\Users\cparadise\FundooNotes\fundoonotes\node_modules\raw-body\index.js:220:7)
    at IncomingMessage.onEnd (C:\Users\cparadise\FundooNotes\fundoonotes\node_modules\raw-body\index.js:280:7)
    at IncomingMessage.emit (node:events:539:35)
    at IncomingMessage.emit (node:domain:475:12)
    at endReadableNT (node:internal/streams/readable:1345:12)
    at processTicksAndRejections (node:internal/process/task_queues:83:21) 
    url - /api/v1/users/newUser 
    method - POST 
    IP - ::1
   {"timestamp":"2022-07-05T09:30:39.004Z"}
info: Server started at http://localhost:7000/api/v1/ {"timestamp":"2022-07-05T09:40:44.696Z"}
info: Connected to the database. {"timestamp":"2022-07-05T09:40:44.748Z"}
info: Server started at http://localhost:7000/api/v1/ {"timestamp":"2022-07-05T10:48:13.139Z"}
info: Connected to the database. {"timestamp":"2022-07-05T10:48:13.231Z"}
info: Server started at http://localhost:7000/api/v1/ {"timestamp":"2022-07-05T10:48:28.758Z"}
info: Connected to the database. {"timestamp":"2022-07-05T10:48:28.826Z"}
info: Server started at http://localhost:7000/api/v1/ {"timestamp":"2022-07-05T12:42:45.083Z"}
info: Connected to the database. {"timestamp":"2022-07-05T12:42:45.122Z"}
error: 
    status - 500 
    message - JsonWebTokenError: invalid token
    at Object.verify (C:\Users\cparadise\FundooNotes\fundoonotes\node_modules\jsonwebtoken\verify.js:75:17)
    at _callee$ (C:\Users\cparadise\FundooNotes\fundoonotes\src\middlewares\/auth.middleware.js:23:30)
    at tryCatch (C:\Users\cparadise\FundooNotes\fundoonotes\node_modules\@babel\runtime\helpers\regeneratorRuntime.js:86:17)
    at Generator._invoke (C:\Users\cparadise\FundooNotes\fundoonotes\node_modules\@babel\runtime\helpers\regeneratorRuntime.js:66:24)
    at Generator.next (C:\Users\cparadise\FundooNotes\fundoonotes\node_modules\@babel\runtime\helpers\regeneratorRuntime.js:117:21)
    at asyncGeneratorStep (C:\Users\cparadise\FundooNotes\fundoonotes\node_modules\@babel\runtime\helpers\asyncToGenerator.js:3:24)
    at _next (C:\Users\cparadise\FundooNotes\fundoonotes\node_modules\@babel\runtime\helpers\asyncToGenerator.js:25:9)
    at C:\Users\cparadise\FundooNotes\fundoonotes\node_modules\@babel\runtime\helpers\asyncToGenerator.js:32:7
    at new Promise (<anonymous>)
    at C:\Users\cparadise\FundooNotes\fundoonotes\node_modules\@babel\runtime\helpers\asyncToGenerator.js:21:12
    at userAuth (C:\Users\cparadise\FundooNotes\fundoonotes\src\middlewares\/auth.middleware.js:12:22)
    at Layer.handle [as handle_request] (C:\Users\cparadise\FundooNotes\fundoonotes\node_modules\express\lib\router\layer.js:95:5)
    at next (C:\Users\cparadise\FundooNotes\fundoonotes\node_modules\express\lib\router\route.js:144:13)
    at Route.dispatch (C:\Users\cparadise\FundooNotes\fundoonotes\node_modules\express\lib\router\route.js:114:3)
    at Layer.handle [as handle_request] (C:\Users\cparadise\FundooNotes\fundoonotes\node_modules\express\lib\router\layer.js:95:5)
    at C:\Users\cparadise\FundooNotes\fundoonotes\node_modules\express\lib\router\index.js:284:15 
    url - /api/v1/notes/ 
    method - POST 
    IP - ::1
   {"timestamp":"2022-07-05T13:03:51.993Z"}
error: 
    status - 500 
    message - JsonWebTokenError: invalid token
    at Object.verify (C:\Users\cparadise\FundooNotes\fundoonotes\node_modules\jsonwebtoken\verify.js:75:17)
    at _callee$ (C:\Users\cparadise\FundooNotes\fundoonotes\src\middlewares\/auth.middleware.js:23:30)
    at tryCatch (C:\Users\cparadise\FundooNotes\fundoonotes\node_modules\@babel\runtime\helpers\regeneratorRuntime.js:86:17)
    at Generator._invoke (C:\Users\cparadise\FundooNotes\fundoonotes\node_modules\@babel\runtime\helpers\regeneratorRuntime.js:66:24)
    at Generator.next (C:\Users\cparadise\FundooNotes\fundoonotes\node_modules\@babel\runtime\helpers\regeneratorRuntime.js:117:21)
    at asyncGeneratorStep (C:\Users\cparadise\FundooNotes\fundoonotes\node_modules\@babel\runtime\helpers\asyncToGenerator.js:3:24)
    at _next (C:\Users\cparadise\FundooNotes\fundoonotes\node_modules\@babel\runtime\helpers\asyncToGenerator.js:25:9)
    at C:\Users\cparadise\FundooNotes\fundoonotes\node_modules\@babel\runtime\helpers\asyncToGenerator.js:32:7
    at new Promise (<anonymous>)
    at C:\Users\cparadise\FundooNotes\fundoonotes\node_modules\@babel\runtime\helpers\asyncToGenerator.js:21:12
    at userAuth (C:\Users\cparadise\FundooNotes\fundoonotes\src\middlewares\/auth.middleware.js:12:22)
    at Layer.handle [as handle_request] (C:\Users\cparadise\FundooNotes\fundoonotes\node_modules\express\lib\router\layer.js:95:5)
    at next (C:\Users\cparadise\FundooNotes\fundoonotes\node_modules\express\lib\router\route.js:144:13)
    at Route.dispatch (C:\Users\cparadise\FundooNotes\fundoonotes\node_modules\express\lib\router\route.js:114:3)
    at Layer.handle [as handle_request] (C:\Users\cparadise\FundooNotes\fundoonotes\node_modules\express\lib\router\layer.js:95:5)
    at C:\Users\cparadise\FundooNotes\fundoonotes\node_modules\express\lib\router\index.js:284:15 
    url - /api/v1/notes/ 
    method - POST 
    IP - ::1
   {"timestamp":"2022-07-05T13:16:25.572Z"}
info: Server started at http://localhost:7000/api/v1/ {"timestamp":"2022-07-05T13:24:01.837Z"}
info: Connected to the database. {"timestamp":"2022-07-05T13:24:01.971Z"}
info: Server started at http://localhost:7000/api/v1/ {"timestamp":"2022-07-05T14:08:10.461Z"}
info: Connected to the database. {"timestamp":"2022-07-05T14:08:10.503Z"}
info: Server started at http://localhost:7000/api/v1/ {"timestamp":"2022-07-05T14:08:56.235Z"}
info: Connected to the database. {"timestamp":"2022-07-05T14:08:56.308Z"}
