info: ::1 - - [24/Jun/2022:15:27:18 +0000] "POST / HTTP/1.1" 404 47 "-" "PostmanRuntime/7.29.0"

info: ::1 - - [24/Jun/2022:15:28:46 +0000] "POST /user HTTP/1.1" 404 47 "-" "PostmanRuntime/7.29.0"

info: ::1 - - [24/Jun/2022:15:28:56 +0000] "POST /User HTTP/1.1" 404 47 "-" "PostmanRuntime/7.29.0"

info: ::1 - - [24/Jun/2022:15:32:35 +0000] "POST / HTTP/1.1" 404 47 "-" "PostmanRuntime/7.29.0"

info: ::1 - - [25/Jun/2022:02:48:34 +0000] "POST /api/v1/newUser HTTP/1.1" 404 47 "-" "PostmanRuntime/7.29.0"

info: ::1 - - [25/Jun/2022:02:48:46 +0000] "POST /api/v1/users/newUser HTTP/1.1" 500 59 "-" "PostmanRuntime/7.29.0"

info: ::1 - - [25/Jun/2022:02:49:04 +0000] "POST /api/v1/users/newUser HTTP/1.1" 201 281 "-" "PostmanRuntime/7.29.0"

info: ::1 - - [25/Jun/2022:03:14:54 +0000] "POST /api/v1/users/newUser HTTP/1.1" 500 60 "-" "PostmanRuntime/7.29.0"

info: ::1 - - [25/Jun/2022:03:15:52 +0000] "POST /api/v1/users/newUser HTTP/1.1" 500 67 "-" "PostmanRuntime/7.29.0"

info: ::1 - - [25/Jun/2022:03:17:59 +0000] "POST /api/v1/users/newUser HTTP/1.1" 500 67 "-" "PostmanRuntime/7.29.0"

info: ::1 - - [25/Jun/2022:03:20:46 +0000] "POST /api/v1/users/newUser HTTP/1.1" 500 67 "-" "PostmanRuntime/7.29.0"

info: ::1 - - [25/Jun/2022:03:22:54 +0000] "POST /api/v1/users/newUser HTTP/1.1" 201 276 "-" "PostmanRuntime/7.29.0"

info: ::1 - - [25/Jun/2022:03:23:47 +0000] "POST /api/v1/users/newUser HTTP/1.1" 201 276 "-" "PostmanRuntime/7.29.0"

info: ::1 - - [25/Jun/2022:03:24:32 +0000] "POST /api/v1/users/newUser HTTP/1.1" 201 273 "-" "PostmanRuntime/7.29.0"

info: ::1 - - [25/Jun/2022:07:22:35 +0000] "POST /api/v1/users/newUser HTTP/1.1" 500 76 "-" "PostmanRuntime/7.29.0"

info: ::1 - - [25/Jun/2022:07:23:09 +0000] "POST /api/v1/users/newUser HTTP/1.1" 201 319 "-" "PostmanRuntime/7.29.0"

info: ::1 - - [26/Jun/2022:14:41:34 +0000] "POST /api/v1/users/Login HTTP/1.1" 500 55 "-" "PostmanRuntime/7.29.0"

info: ::1 - - [26/Jun/2022:14:42:11 +0000] "POST /api/v1/users/Login HTTP/1.1" 500 55 "-" "PostmanRuntime/7.29.0"

info: ::1 - - [26/Jun/2022:14:43:06 +0000] "POST /api/v1/users/User HTTP/1.1" 404 47 "-" "PostmanRuntime/7.29.0"

info: ::1 - - [26/Jun/2022:14:43:11 +0000] "POST /api/v1/users/Users HTTP/1.1" 404 47 "-" "PostmanRuntime/7.29.0"

info: ::1 - - [26/Jun/2022:15:04:13 +0000] "POST /api/v1/users/Login HTTP/1.1" 500 55 "-" "PostmanRuntime/7.29.0"

error: uncaughtException: data is not defined
ReferenceError: data is not defined
    at _callee4$ (C:\Users\cparadise\FundooNotes\fundooNotes\src\controllers\/user.controller.js:71:13)
    at tryCatch (C:\Users\cparadise\FundooNotes\fundooNotes\node_modules\@babel\runtime\helpers\regeneratorRuntime.js:86:17)
    at Generator._invoke (C:\Users\cparadise\FundooNotes\fundooNotes\node_modules\@babel\runtime\helpers\regeneratorRuntime.js:66:24)
    at Generator.throw (C:\Users\cparadise\FundooNotes\fundooNotes\node_modules\@babel\runtime\helpers\regeneratorRuntime.js:117:21)
    at asyncGeneratorStep (C:\Users\cparadise\FundooNotes\fundooNotes\node_modules\@babel\runtime\helpers\asyncToGenerator.js:3:24)
    at _throw (C:\Users\cparadise\FundooNotes\fundooNotes\node_modules\@babel\runtime\helpers\asyncToGenerator.js:29:9)
    at processTicksAndRejections (node:internal/process/task_queues:96:5) {"date":"Mon Jun 27 2022 08:59:00 GMT+0530 (India Standard Time)","error":{},"exception":true,"os":{"loadavg":[0,0,0],"uptime":608603},"process":{"argv":["node","C:\\Users\\cparadise\\FundooNotes\\fundooNotes\\src\\index.js"],"cwd":"C:\\Users\\cparadise\\FundooNotes\\fundooNotes","execPath":"C:\\Program Files\\nodejs\\node.exe","gid":null,"memoryUsage":{"arrayBuffers":18654688,"external":25845334,"heapTotal":81014784,"heapUsed":46228064,"rss":113082368},"pid":592,"uid":null,"version":"v16.15.1"},"stack":"ReferenceError: data is not defined\n    at _callee4$ (C:\\Users\\cparadise\\FundooNotes\\fundooNotes\\src\\controllers\\/user.controller.js:71:13)\n    at tryCatch (C:\\Users\\cparadise\\FundooNotes\\fundooNotes\\node_modules\\@babel\\runtime\\helpers\\regeneratorRuntime.js:86:17)\n    at Generator._invoke (C:\\Users\\cparadise\\FundooNotes\\fundooNotes\\node_modules\\@babel\\runtime\\helpers\\regeneratorRuntime.js:66:24)\n    at Generator.throw (C:\\Users\\cparadise\\FundooNotes\\fundooNotes\\node_modules\\@babel\\runtime\\helpers\\regeneratorRuntime.js:117:21)\n    at asyncGeneratorStep (C:\\Users\\cparadise\\FundooNotes\\fundooNotes\\node_modules\\@babel\\runtime\\helpers\\asyncToGenerator.js:3:24)\n    at _throw (C:\\Users\\cparadise\\FundooNotes\\fundooNotes\\node_modules\\@babel\\runtime\\helpers\\asyncToGenerator.js:29:9)\n    at processTicksAndRejections (node:internal/process/task_queues:96:5)","trace":[{"column":13,"file":"C:\\Users\\cparadise\\FundooNotes\\fundooNotes\\src\\controllers\\/user.controller.js","function":"_callee4$","line":71,"method":null,"native":false},{"column":17,"file":"C:\\Users\\cparadise\\FundooNotes\\fundooNotes\\node_modules\\@babel\\runtime\\helpers\\regeneratorRuntime.js","function":"tryCatch","line":86,"method":null,"native":false},{"column":24,"file":"C:\\Users\\cparadise\\FundooNotes\\fundooNotes\\node_modules\\@babel\\runtime\\helpers\\regeneratorRuntime.js","function":"Generator._invoke","line":66,"method":"_invoke","native":false},{"column":21,"file":"C:\\Users\\cparadise\\FundooNotes\\fundooNotes\\node_modules\\@babel\\runtime\\helpers\\regeneratorRuntime.js","function":"Generator.throw","line":117,"method":"throw","native":false},{"column":24,"file":"C:\\Users\\cparadise\\FundooNotes\\fundooNotes\\node_modules\\@babel\\runtime\\helpers\\asyncToGenerator.js","function":"asyncGeneratorStep","line":3,"method":null,"native":false},{"column":9,"file":"C:\\Users\\cparadise\\FundooNotes\\fundooNotes\\node_modules\\@babel\\runtime\\helpers\\asyncToGenerator.js","function":"_throw","line":29,"method":null,"native":false},{"column":5,"file":"node:internal/process/task_queues","function":"processTicksAndRejections","line":96,"method":null,"native":false}]}
error: uncaughtException: data is not defined
ReferenceError: data is not defined
    at _callee4$ (C:\Users\cparadise\FundooNotes\fundooNotes\src\controllers\/user.controller.js:71:13)
    at tryCatch (C:\Users\cparadise\FundooNotes\fundooNotes\node_modules\@babel\runtime\helpers\regeneratorRuntime.js:86:17)
    at Generator._invoke (C:\Users\cparadise\FundooNotes\fundooNotes\node_modules\@babel\runtime\helpers\regeneratorRuntime.js:66:24)
    at Generator.throw (C:\Users\cparadise\FundooNotes\fundooNotes\node_modules\@babel\runtime\helpers\regeneratorRuntime.js:117:21)
    at asyncGeneratorStep (C:\Users\cparadise\FundooNotes\fundooNotes\node_modules\@babel\runtime\helpers\asyncToGenerator.js:3:24)
    at _throw (C:\Users\cparadise\FundooNotes\fundooNotes\node_modules\@babel\runtime\helpers\asyncToGenerator.js:29:9)
    at processTicksAndRejections (node:internal/process/task_queues:96:5) {"date":"Mon Jun 27 2022 09:01:51 GMT+0530 (India Standard Time)","error":{},"exception":true,"os":{"loadavg":[0,0,0],"uptime":608774},"process":{"argv":["node","C:\\Users\\cparadise\\FundooNotes\\fundooNotes\\src\\index.js"],"cwd":"C:\\Users\\cparadise\\FundooNotes\\fundooNotes","execPath":"C:\\Program Files\\nodejs\\node.exe","gid":null,"memoryUsage":{"arrayBuffers":18389715,"external":19979876,"heapTotal":79450112,"heapUsed":43094280,"rss":110948352},"pid":4636,"uid":null,"version":"v16.15.1"},"stack":"ReferenceError: data is not defined\n    at _callee4$ (C:\\Users\\cparadise\\FundooNotes\\fundooNotes\\src\\controllers\\/user.controller.js:71:13)\n    at tryCatch (C:\\Users\\cparadise\\FundooNotes\\fundooNotes\\node_modules\\@babel\\runtime\\helpers\\regeneratorRuntime.js:86:17)\n    at Generator._invoke (C:\\Users\\cparadise\\FundooNotes\\fundooNotes\\node_modules\\@babel\\runtime\\helpers\\regeneratorRuntime.js:66:24)\n    at Generator.throw (C:\\Users\\cparadise\\FundooNotes\\fundooNotes\\node_modules\\@babel\\runtime\\helpers\\regeneratorRuntime.js:117:21)\n    at asyncGeneratorStep (C:\\Users\\cparadise\\FundooNotes\\fundooNotes\\node_modules\\@babel\\runtime\\helpers\\asyncToGenerator.js:3:24)\n    at _throw (C:\\Users\\cparadise\\FundooNotes\\fundooNotes\\node_modules\\@babel\\runtime\\helpers\\asyncToGenerator.js:29:9)\n    at processTicksAndRejections (node:internal/process/task_queues:96:5)","trace":[{"column":13,"file":"C:\\Users\\cparadise\\FundooNotes\\fundooNotes\\src\\controllers\\/user.controller.js","function":"_callee4$","line":71,"method":null,"native":false},{"column":17,"file":"C:\\Users\\cparadise\\FundooNotes\\fundooNotes\\node_modules\\@babel\\runtime\\helpers\\regeneratorRuntime.js","function":"tryCatch","line":86,"method":null,"native":false},{"column":24,"file":"C:\\Users\\cparadise\\FundooNotes\\fundooNotes\\node_modules\\@babel\\runtime\\helpers\\regeneratorRuntime.js","function":"Generator._invoke","line":66,"method":"_invoke","native":false},{"column":21,"file":"C:\\Users\\cparadise\\FundooNotes\\fundooNotes\\node_modules\\@babel\\runtime\\helpers\\regeneratorRuntime.js","function":"Generator.throw","line":117,"method":"throw","native":false},{"column":24,"file":"C:\\Users\\cparadise\\FundooNotes\\fundooNotes\\node_modules\\@babel\\runtime\\helpers\\asyncToGenerator.js","function":"asyncGeneratorStep","line":3,"method":null,"native":false},{"column":9,"file":"C:\\Users\\cparadise\\FundooNotes\\fundooNotes\\node_modules\\@babel\\runtime\\helpers\\asyncToGenerator.js","function":"_throw","line":29,"method":null,"native":false},{"column":5,"file":"node:internal/process/task_queues","function":"processTicksAndRejections","line":96,"method":null,"native":false}]}
info: ::1 - - [27/Jun/2022:03:39:38 +0000] "POST /api/v1/users/login HTTP/1.1" 400 33 "-" "PostmanRuntime/7.29.0"

info: ::1 - - [27/Jun/2022:11:38:47 +0000] "POST /api/v1/users/login HTTP/1.1" 200 42 "-" "PostmanRuntime/7.29.0"

info: ::1 - - [27/Jun/2022:11:38:56 +0000] "POST /api/v1/users/login HTTP/1.1" 200 42 "-" "PostmanRuntime/7.29.0"

info: ::1 - - [27/Jun/2022:11:39:03 +0000] "POST /api/v1/users/login HTTP/1.1" 200 42 "-" "PostmanRuntime/7.29.0"

error: uncaughtException: data is not defined
ReferenceError: data is not defined
    at _callee2$ (C:\Users\cparadise\FundooNotes\fundooNotes\src\controllers\/user.controller.js:71:13)
    at tryCatch (C:\Users\cparadise\FundooNotes\fundooNotes\node_modules\@babel\runtime\helpers\regeneratorRuntime.js:86:17)
    at Generator._invoke (C:\Users\cparadise\FundooNotes\fundooNotes\node_modules\@babel\runtime\helpers\regeneratorRuntime.js:66:24)
    at Generator.throw (C:\Users\cparadise\FundooNotes\fundooNotes\node_modules\@babel\runtime\helpers\regeneratorRuntime.js:117:21)
    at asyncGeneratorStep (C:\Users\cparadise\FundooNotes\fundooNotes\node_modules\@babel\runtime\helpers\asyncToGenerator.js:3:24)
    at _throw (C:\Users\cparadise\FundooNotes\fundooNotes\node_modules\@babel\runtime\helpers\asyncToGenerator.js:29:9)
    at processTicksAndRejections (node:internal/process/task_queues:96:5) {"date":"Mon Jun 27 2022 17:16:27 GMT+0530 (India Standard Time)","error":{},"exception":true,"os":{"loadavg":[0,0,0],"uptime":638450},"process":{"argv":["node","C:\\Users\\cparadise\\FundooNotes\\fundooNotes\\src\\index.js"],"cwd":"C:\\Users\\cparadise\\FundooNotes\\fundooNotes","execPath":"C:\\Program Files\\nodejs\\node.exe","gid":null,"memoryUsage":{"arrayBuffers":18398875,"external":25721465,"heapTotal":81809408,"heapUsed":45854080,"rss":114110464},"pid":11800,"uid":null,"version":"v16.15.1"},"stack":"ReferenceError: data is not defined\n    at _callee2$ (C:\\Users\\cparadise\\FundooNotes\\fundooNotes\\src\\controllers\\/user.controller.js:71:13)\n    at tryCatch (C:\\Users\\cparadise\\FundooNotes\\fundooNotes\\node_modules\\@babel\\runtime\\helpers\\regeneratorRuntime.js:86:17)\n    at Generator._invoke (C:\\Users\\cparadise\\FundooNotes\\fundooNotes\\node_modules\\@babel\\runtime\\helpers\\regeneratorRuntime.js:66:24)\n    at Generator.throw (C:\\Users\\cparadise\\FundooNotes\\fundooNotes\\node_modules\\@babel\\runtime\\helpers\\regeneratorRuntime.js:117:21)\n    at asyncGeneratorStep (C:\\Users\\cparadise\\FundooNotes\\fundooNotes\\node_modules\\@babel\\runtime\\helpers\\asyncToGenerator.js:3:24)\n    at _throw (C:\\Users\\cparadise\\FundooNotes\\fundooNotes\\node_modules\\@babel\\runtime\\helpers\\asyncToGenerator.js:29:9)\n    at processTicksAndRejections (node:internal/process/task_queues:96:5)","trace":[{"column":13,"file":"C:\\Users\\cparadise\\FundooNotes\\fundooNotes\\src\\controllers\\/user.controller.js","function":"_callee2$","line":71,"method":null,"native":false},{"column":17,"file":"C:\\Users\\cparadise\\FundooNotes\\fundooNotes\\node_modules\\@babel\\runtime\\helpers\\regeneratorRuntime.js","function":"tryCatch","line":86,"method":null,"native":false},{"column":24,"file":"C:\\Users\\cparadise\\FundooNotes\\fundooNotes\\node_modules\\@babel\\runtime\\helpers\\regeneratorRuntime.js","function":"Generator._invoke","line":66,"method":"_invoke","native":false},{"column":21,"file":"C:\\Users\\cparadise\\FundooNotes\\fundooNotes\\node_modules\\@babel\\runtime\\helpers\\regeneratorRuntime.js","function":"Generator.throw","line":117,"method":"throw","native":false},{"column":24,"file":"C:\\Users\\cparadise\\FundooNotes\\fundooNotes\\node_modules\\@babel\\runtime\\helpers\\asyncToGenerator.js","function":"asyncGeneratorStep","line":3,"method":null,"native":false},{"column":9,"file":"C:\\Users\\cparadise\\FundooNotes\\fundooNotes\\node_modules\\@babel\\runtime\\helpers\\asyncToGenerator.js","function":"_throw","line":29,"method":null,"native":false},{"column":5,"file":"node:internal/process/task_queues","function":"processTicksAndRejections","line":96,"method":null,"native":false}]}
error: uncaughtException: result is not defined
ReferenceError: result is not defined
    at _callee2$ (C:\Users\cparadise\FundooNotes\fundooNotes\src\controllers\/user.controller.js:71:13)
    at tryCatch (C:\Users\cparadise\FundooNotes\fundooNotes\node_modules\@babel\runtime\helpers\regeneratorRuntime.js:86:17)
    at Generator._invoke (C:\Users\cparadise\FundooNotes\fundooNotes\node_modules\@babel\runtime\helpers\regeneratorRuntime.js:66:24)
    at Generator.throw (C:\Users\cparadise\FundooNotes\fundooNotes\node_modules\@babel\runtime\helpers\regeneratorRuntime.js:117:21)
    at asyncGeneratorStep (C:\Users\cparadise\FundooNotes\fundooNotes\node_modules\@babel\runtime\helpers\asyncToGenerator.js:3:24)
    at _throw (C:\Users\cparadise\FundooNotes\fundooNotes\node_modules\@babel\runtime\helpers\asyncToGenerator.js:29:9)
    at processTicksAndRejections (node:internal/process/task_queues:96:5) {"date":"Mon Jun 27 2022 17:18:40 GMT+0530 (India Standard Time)","error":{},"exception":true,"os":{"loadavg":[0,0,0],"uptime":638584},"process":{"argv":["node","C:\\Users\\cparadise\\FundooNotes\\fundooNotes\\src\\index.js"],"cwd":"C:\\Users\\cparadise\\FundooNotes\\fundooNotes","execPath":"C:\\Program Files\\nodejs\\node.exe","gid":null,"memoryUsage":{"arrayBuffers":18295162,"external":19971540,"heapTotal":46157824,"heapUsed":42184344,"rss":79138816},"pid":6036,"uid":null,"version":"v16.15.1"},"stack":"ReferenceError: result is not defined\n    at _callee2$ (C:\\Users\\cparadise\\FundooNotes\\fundooNotes\\src\\controllers\\/user.controller.js:71:13)\n    at tryCatch (C:\\Users\\cparadise\\FundooNotes\\fundooNotes\\node_modules\\@babel\\runtime\\helpers\\regeneratorRuntime.js:86:17)\n    at Generator._invoke (C:\\Users\\cparadise\\FundooNotes\\fundooNotes\\node_modules\\@babel\\runtime\\helpers\\regeneratorRuntime.js:66:24)\n    at Generator.throw (C:\\Users\\cparadise\\FundooNotes\\fundooNotes\\node_modules\\@babel\\runtime\\helpers\\regeneratorRuntime.js:117:21)\n    at asyncGeneratorStep (C:\\Users\\cparadise\\FundooNotes\\fundooNotes\\node_modules\\@babel\\runtime\\helpers\\asyncToGenerator.js:3:24)\n    at _throw (C:\\Users\\cparadise\\FundooNotes\\fundooNotes\\node_modules\\@babel\\runtime\\helpers\\asyncToGenerator.js:29:9)\n    at processTicksAndRejections (node:internal/process/task_queues:96:5)","trace":[{"column":13,"file":"C:\\Users\\cparadise\\FundooNotes\\fundooNotes\\src\\controllers\\/user.controller.js","function":"_callee2$","line":71,"method":null,"native":false},{"column":17,"file":"C:\\Users\\cparadise\\FundooNotes\\fundooNotes\\node_modules\\@babel\\runtime\\helpers\\regeneratorRuntime.js","function":"tryCatch","line":86,"method":null,"native":false},{"column":24,"file":"C:\\Users\\cparadise\\FundooNotes\\fundooNotes\\node_modules\\@babel\\runtime\\helpers\\regeneratorRuntime.js","function":"Generator._invoke","line":66,"method":"_invoke","native":false},{"column":21,"file":"C:\\Users\\cparadise\\FundooNotes\\fundooNotes\\node_modules\\@babel\\runtime\\helpers\\regeneratorRuntime.js","function":"Generator.throw","line":117,"method":"throw","native":false},{"column":24,"file":"C:\\Users\\cparadise\\FundooNotes\\fundooNotes\\node_modules\\@babel\\runtime\\helpers\\asyncToGenerator.js","function":"asyncGeneratorStep","line":3,"method":null,"native":false},{"column":9,"file":"C:\\Users\\cparadise\\FundooNotes\\fundooNotes\\node_modules\\@babel\\runtime\\helpers\\asyncToGenerator.js","function":"_throw","line":29,"method":null,"native":false},{"column":5,"file":"node:internal/process/task_queues","function":"processTicksAndRejections","line":96,"method":null,"native":false}]}
info: ::1 - - [27/Jun/2022:11:51:53 +0000] "POST /api/v1/users/login HTTP/1.1" 200 61 "-" "PostmanRuntime/7.29.0"

info: ::1 - - [27/Jun/2022:11:54:27 +0000] "POST /api/v1/users/login HTTP/1.1" 400 52 "-" "PostmanRuntime/7.29.0"

info: ::1 - - [27/Jun/2022:11:54:39 +0000] "POST /api/v1/users/login HTTP/1.1" 400 52 "-" "PostmanRuntime/7.29.0"

